{"C:\\Users\\Leonardo\\Desktop\\Light-a-Match_ID-20\\lib\\app.js": {"path":"C:\\Users\\Leonardo\\Desktop\\Light-a-Match_ID-20\\lib\\app.js","all":false,"statementMap":{"0":{"start":{"line":1,"column":0},"end":{"line":1,"column":35}},"1":{"start":{"line":2,"column":0},"end":{"line":2,"column":22}},"2":{"start":{"line":3,"column":0},"end":{"line":3,"column":29}},"3":{"start":{"line":4,"column":0},"end":{"line":4,"column":44}},"4":{"start":{"line":5,"column":0},"end":{"line":5,"column":0}},"5":{"start":{"line":6,"column":0},"end":{"line":6,"column":24}},"6":{"start":{"line":7,"column":0},"end":{"line":7,"column":30}},"7":{"start":{"line":8,"column":0},"end":{"line":8,"column":34}},"8":{"start":{"line":9,"column":0},"end":{"line":9,"column":37}},"9":{"start":{"line":10,"column":0},"end":{"line":10,"column":0}},"10":{"start":{"line":11,"column":0},"end":{"line":11,"column":28}},"11":{"start":{"line":12,"column":0},"end":{"line":12,"column":71}},"12":{"start":{"line":13,"column":0},"end":{"line":13,"column":3}},"13":{"start":{"line":14,"column":0},"end":{"line":14,"column":0}},"14":{"start":{"line":15,"column":0},"end":{"line":15,"column":36}},"15":{"start":{"line":16,"column":0},"end":{"line":16,"column":71}},"16":{"start":{"line":17,"column":0},"end":{"line":17,"column":3}},"17":{"start":{"line":18,"column":0},"end":{"line":18,"column":0}},"18":{"start":{"line":19,"column":0},"end":{"line":19,"column":33}},"19":{"start":{"line":20,"column":0},"end":{"line":20,"column":68}},"20":{"start":{"line":21,"column":0},"end":{"line":21,"column":3}},"21":{"start":{"line":22,"column":0},"end":{"line":22,"column":0}},"22":{"start":{"line":23,"column":0},"end":{"line":23,"column":36}},"23":{"start":{"line":24,"column":0},"end":{"line":24,"column":71}},"24":{"start":{"line":25,"column":0},"end":{"line":25,"column":3}},"25":{"start":{"line":26,"column":0},"end":{"line":26,"column":0}},"26":{"start":{"line":27,"column":0},"end":{"line":27,"column":36}},"27":{"start":{"line":28,"column":0},"end":{"line":28,"column":72}},"28":{"start":{"line":29,"column":0},"end":{"line":29,"column":3}},"29":{"start":{"line":30,"column":0},"end":{"line":30,"column":0}},"30":{"start":{"line":31,"column":0},"end":{"line":31,"column":38}},"31":{"start":{"line":32,"column":0},"end":{"line":32,"column":73}},"32":{"start":{"line":33,"column":0},"end":{"line":33,"column":3}},"33":{"start":{"line":34,"column":0},"end":{"line":34,"column":0}},"34":{"start":{"line":35,"column":0},"end":{"line":35,"column":33}},"35":{"start":{"line":36,"column":0},"end":{"line":36,"column":68}},"36":{"start":{"line":37,"column":0},"end":{"line":37,"column":3}},"37":{"start":{"line":38,"column":0},"end":{"line":38,"column":0}},"38":{"start":{"line":39,"column":0},"end":{"line":39,"column":0}},"39":{"start":{"line":40,"column":0},"end":{"line":40,"column":53}},"40":{"start":{"line":41,"column":0},"end":{"line":41,"column":36}},"41":{"start":{"line":42,"column":0},"end":{"line":42,"column":29}},"42":{"start":{"line":43,"column":0},"end":{"line":43,"column":0}},"43":{"start":{"line":44,"column":0},"end":{"line":44,"column":36}},"44":{"start":{"line":45,"column":0},"end":{"line":45,"column":29}},"45":{"start":{"line":46,"column":0},"end":{"line":46,"column":0}},"46":{"start":{"line":47,"column":0},"end":{"line":47,"column":25}},"47":{"start":{"line":48,"column":0},"end":{"line":48,"column":23}},"48":{"start":{"line":49,"column":0},"end":{"line":49,"column":20}},"49":{"start":{"line":50,"column":0},"end":{"line":50,"column":37}},"50":{"start":{"line":51,"column":0},"end":{"line":51,"column":3}},"51":{"start":{"line":52,"column":0},"end":{"line":52,"column":0}},"52":{"start":{"line":53,"column":0},"end":{"line":53,"column":21}}},"s":{"0":1,"1":1,"2":1,"3":1,"4":1,"5":1,"6":1,"7":1,"8":1,"9":1,"10":1,"11":0,"12":0,"13":1,"14":1,"15":0,"16":0,"17":1,"18":1,"19":0,"20":0,"21":1,"22":1,"23":0,"24":0,"25":1,"26":1,"27":0,"28":0,"29":1,"30":1,"31":0,"32":0,"33":1,"34":1,"35":0,"36":0,"37":1,"38":1,"39":1,"40":1,"41":1,"42":1,"43":1,"44":1,"45":1,"46":1,"47":1,"48":0,"49":0,"50":0,"51":1,"52":1},"branchMap":{},"b":{},"fnMap":{},"f":{}}
,"C:\\Users\\Leonardo\\Desktop\\Light-a-Match_ID-20\\lib\\chats.js": {"path":"C:\\Users\\Leonardo\\Desktop\\Light-a-Match_ID-20\\lib\\chats.js","all":false,"statementMap":{"0":{"start":{"line":1,"column":0},"end":{"line":1,"column":35}},"1":{"start":{"line":2,"column":0},"end":{"line":2,"column":32}},"2":{"start":{"line":3,"column":0},"end":{"line":3,"column":33}},"3":{"start":{"line":4,"column":0},"end":{"line":4,"column":41}},"4":{"start":{"line":5,"column":0},"end":{"line":5,"column":41}},"5":{"start":{"line":6,"column":0},"end":{"line":6,"column":0}},"6":{"start":{"line":7,"column":0},"end":{"line":7,"column":35}},"7":{"start":{"line":8,"column":0},"end":{"line":8,"column":53}},"8":{"start":{"line":9,"column":0},"end":{"line":9,"column":56}},"9":{"start":{"line":10,"column":0},"end":{"line":10,"column":4}},"10":{"start":{"line":11,"column":0},"end":{"line":11,"column":30}},"11":{"start":{"line":12,"column":0},"end":{"line":12,"column":30}},"12":{"start":{"line":13,"column":0},"end":{"line":13,"column":0}},"13":{"start":{"line":14,"column":0},"end":{"line":14,"column":36}},"14":{"start":{"line":15,"column":0},"end":{"line":15,"column":83}},"15":{"start":{"line":16,"column":0},"end":{"line":16,"column":9}},"16":{"start":{"line":17,"column":0},"end":{"line":17,"column":2}},"17":{"start":{"line":18,"column":0},"end":{"line":18,"column":0}},"18":{"start":{"line":19,"column":0},"end":{"line":19,"column":22}},"19":{"start":{"line":20,"column":0},"end":{"line":20,"column":87}},"20":{"start":{"line":21,"column":0},"end":{"line":21,"column":9}},"21":{"start":{"line":22,"column":0},"end":{"line":22,"column":2}},"22":{"start":{"line":23,"column":0},"end":{"line":23,"column":1}},"23":{"start":{"line":24,"column":0},"end":{"line":24,"column":41}},"24":{"start":{"line":25,"column":0},"end":{"line":25,"column":60}},"25":{"start":{"line":26,"column":0},"end":{"line":26,"column":9}},"26":{"start":{"line":27,"column":0},"end":{"line":27,"column":2}},"27":{"start":{"line":28,"column":0},"end":{"line":28,"column":0}},"28":{"start":{"line":29,"column":0},"end":{"line":29,"column":36}},"29":{"start":{"line":30,"column":0},"end":{"line":30,"column":83}},"30":{"start":{"line":31,"column":0},"end":{"line":31,"column":9}},"31":{"start":{"line":32,"column":0},"end":{"line":32,"column":2}},"32":{"start":{"line":33,"column":0},"end":{"line":33,"column":0}},"33":{"start":{"line":34,"column":0},"end":{"line":34,"column":22}},"34":{"start":{"line":35,"column":0},"end":{"line":35,"column":87}},"35":{"start":{"line":36,"column":0},"end":{"line":36,"column":9}},"36":{"start":{"line":37,"column":0},"end":{"line":37,"column":2}},"37":{"start":{"line":38,"column":0},"end":{"line":38,"column":1}},"38":{"start":{"line":39,"column":0},"end":{"line":39,"column":41}},"39":{"start":{"line":40,"column":0},"end":{"line":40,"column":62}},"40":{"start":{"line":41,"column":0},"end":{"line":41,"column":9}},"41":{"start":{"line":42,"column":0},"end":{"line":42,"column":2}},"42":{"start":{"line":43,"column":0},"end":{"line":43,"column":1}},"43":{"start":{"line":44,"column":0},"end":{"line":44,"column":68}},"44":{"start":{"line":45,"column":0},"end":{"line":45,"column":13}},"45":{"start":{"line":46,"column":0},"end":{"line":46,"column":29}},"46":{"start":{"line":47,"column":0},"end":{"line":47,"column":32}},"47":{"start":{"line":48,"column":0},"end":{"line":48,"column":10}},"48":{"start":{"line":49,"column":0},"end":{"line":49,"column":114}},"49":{"start":{"line":50,"column":0},"end":{"line":50,"column":9}},"50":{"start":{"line":51,"column":0},"end":{"line":51,"column":5}},"51":{"start":{"line":52,"column":0},"end":{"line":52,"column":3}},"52":{"start":{"line":53,"column":0},"end":{"line":53,"column":0}},"53":{"start":{"line":54,"column":0},"end":{"line":54,"column":47}},"54":{"start":{"line":55,"column":0},"end":{"line":55,"column":54}},"55":{"start":{"line":56,"column":0},"end":{"line":56,"column":0}},"56":{"start":{"line":57,"column":0},"end":{"line":57,"column":36}},"57":{"start":{"line":58,"column":0},"end":{"line":58,"column":90}},"58":{"start":{"line":59,"column":0},"end":{"line":59,"column":9}},"59":{"start":{"line":60,"column":0},"end":{"line":60,"column":2}},"60":{"start":{"line":61,"column":0},"end":{"line":61,"column":0}},"61":{"start":{"line":62,"column":0},"end":{"line":62,"column":22}},"62":{"start":{"line":63,"column":0},"end":{"line":63,"column":96}},"63":{"start":{"line":64,"column":0},"end":{"line":64,"column":9}},"64":{"start":{"line":65,"column":0},"end":{"line":65,"column":2}},"65":{"start":{"line":66,"column":0},"end":{"line":66,"column":1}},"66":{"start":{"line":67,"column":0},"end":{"line":67,"column":41}},"67":{"start":{"line":68,"column":0},"end":{"line":68,"column":56}},"68":{"start":{"line":69,"column":0},"end":{"line":69,"column":9}},"69":{"start":{"line":70,"column":0},"end":{"line":70,"column":2}},"70":{"start":{"line":71,"column":0},"end":{"line":71,"column":1}},"71":{"start":{"line":72,"column":0},"end":{"line":72,"column":46}},"72":{"start":{"line":73,"column":0},"end":{"line":73,"column":0}},"73":{"start":{"line":74,"column":0},"end":{"line":74,"column":36}},"74":{"start":{"line":75,"column":0},"end":{"line":75,"column":31}},"75":{"start":{"line":76,"column":0},"end":{"line":76,"column":2}},"76":{"start":{"line":77,"column":0},"end":{"line":77,"column":0}},"77":{"start":{"line":78,"column":0},"end":{"line":78,"column":29}},"78":{"start":{"line":79,"column":0},"end":{"line":79,"column":3}},"79":{"start":{"line":80,"column":0},"end":{"line":80,"column":0}},"80":{"start":{"line":81,"column":0},"end":{"line":81,"column":55}},"81":{"start":{"line":82,"column":0},"end":{"line":82,"column":54}},"82":{"start":{"line":83,"column":0},"end":{"line":83,"column":46}},"83":{"start":{"line":84,"column":0},"end":{"line":84,"column":0}},"84":{"start":{"line":85,"column":0},"end":{"line":85,"column":36}},"85":{"start":{"line":86,"column":0},"end":{"line":86,"column":79}},"86":{"start":{"line":87,"column":0},"end":{"line":87,"column":9}},"87":{"start":{"line":88,"column":0},"end":{"line":88,"column":2}},"88":{"start":{"line":89,"column":0},"end":{"line":89,"column":0}},"89":{"start":{"line":90,"column":0},"end":{"line":90,"column":22}},"90":{"start":{"line":91,"column":0},"end":{"line":91,"column":93}},"91":{"start":{"line":92,"column":0},"end":{"line":92,"column":9}},"92":{"start":{"line":93,"column":0},"end":{"line":93,"column":2}},"93":{"start":{"line":94,"column":0},"end":{"line":94,"column":0}},"94":{"start":{"line":95,"column":0},"end":{"line":95,"column":32}},"95":{"start":{"line":96,"column":0},"end":{"line":96,"column":75}},"96":{"start":{"line":97,"column":0},"end":{"line":97,"column":9}},"97":{"start":{"line":98,"column":0},"end":{"line":98,"column":2}},"98":{"start":{"line":99,"column":0},"end":{"line":99,"column":0}},"99":{"start":{"line":100,"column":0},"end":{"line":100,"column":18}},"100":{"start":{"line":101,"column":0},"end":{"line":101,"column":89}},"101":{"start":{"line":102,"column":0},"end":{"line":102,"column":9}},"102":{"start":{"line":103,"column":0},"end":{"line":103,"column":2}},"103":{"start":{"line":104,"column":0},"end":{"line":104,"column":0}},"104":{"start":{"line":105,"column":0},"end":{"line":105,"column":48}},"105":{"start":{"line":106,"column":0},"end":{"line":106,"column":76}},"106":{"start":{"line":107,"column":0},"end":{"line":107,"column":9}},"107":{"start":{"line":108,"column":0},"end":{"line":108,"column":2}},"108":{"start":{"line":109,"column":0},"end":{"line":109,"column":0}},"109":{"start":{"line":110,"column":0},"end":{"line":110,"column":34}},"110":{"start":{"line":111,"column":0},"end":{"line":111,"column":0}},"111":{"start":{"line":112,"column":0},"end":{"line":112,"column":12}},"112":{"start":{"line":113,"column":0},"end":{"line":113,"column":79}},"113":{"start":{"line":114,"column":0},"end":{"line":114,"column":9}},"114":{"start":{"line":115,"column":0},"end":{"line":115,"column":2}},"115":{"start":{"line":116,"column":0},"end":{"line":116,"column":0}},"116":{"start":{"line":117,"column":0},"end":{"line":117,"column":22}},"117":{"start":{"line":118,"column":0},"end":{"line":118,"column":28}},"118":{"start":{"line":119,"column":0},"end":{"line":119,"column":3}},"119":{"start":{"line":120,"column":0},"end":{"line":120,"column":0}},"120":{"start":{"line":121,"column":0},"end":{"line":121,"column":36}},"121":{"start":{"line":122,"column":0},"end":{"line":122,"column":52}},"122":{"start":{"line":123,"column":0},"end":{"line":123,"column":52}},"123":{"start":{"line":124,"column":0},"end":{"line":124,"column":0}},"124":{"start":{"line":125,"column":0},"end":{"line":125,"column":36}},"125":{"start":{"line":126,"column":0},"end":{"line":126,"column":79}},"126":{"start":{"line":127,"column":0},"end":{"line":127,"column":9}},"127":{"start":{"line":128,"column":0},"end":{"line":128,"column":2}},"128":{"start":{"line":129,"column":0},"end":{"line":129,"column":0}},"129":{"start":{"line":130,"column":0},"end":{"line":130,"column":22}},"130":{"start":{"line":131,"column":0},"end":{"line":131,"column":93}},"131":{"start":{"line":132,"column":0},"end":{"line":132,"column":9}},"132":{"start":{"line":133,"column":0},"end":{"line":133,"column":2}},"133":{"start":{"line":134,"column":0},"end":{"line":134,"column":0}},"134":{"start":{"line":135,"column":0},"end":{"line":135,"column":36}},"135":{"start":{"line":136,"column":0},"end":{"line":136,"column":79}},"136":{"start":{"line":137,"column":0},"end":{"line":137,"column":9}},"137":{"start":{"line":138,"column":0},"end":{"line":138,"column":2}},"138":{"start":{"line":139,"column":0},"end":{"line":139,"column":0}},"139":{"start":{"line":140,"column":0},"end":{"line":140,"column":22}},"140":{"start":{"line":141,"column":0},"end":{"line":141,"column":93}},"141":{"start":{"line":142,"column":0},"end":{"line":142,"column":9}},"142":{"start":{"line":143,"column":0},"end":{"line":143,"column":2}},"143":{"start":{"line":144,"column":0},"end":{"line":144,"column":0}},"144":{"start":{"line":145,"column":0},"end":{"line":145,"column":31}},"145":{"start":{"line":146,"column":0},"end":{"line":146,"column":95}},"146":{"start":{"line":147,"column":0},"end":{"line":147,"column":9}},"147":{"start":{"line":148,"column":0},"end":{"line":148,"column":2}},"148":{"start":{"line":149,"column":0},"end":{"line":149,"column":0}},"149":{"start":{"line":150,"column":0},"end":{"line":150,"column":52}},"150":{"start":{"line":151,"column":0},"end":{"line":151,"column":1}},"151":{"start":{"line":152,"column":0},"end":{"line":152,"column":22}},"152":{"start":{"line":153,"column":0},"end":{"line":153,"column":53}},"153":{"start":{"line":154,"column":0},"end":{"line":154,"column":9}},"154":{"start":{"line":155,"column":0},"end":{"line":155,"column":34}},"155":{"start":{"line":156,"column":0},"end":{"line":156,"column":63}},"156":{"start":{"line":157,"column":0},"end":{"line":157,"column":9}},"157":{"start":{"line":158,"column":0},"end":{"line":158,"column":38}},"158":{"start":{"line":159,"column":0},"end":{"line":159,"column":82}},"159":{"start":{"line":160,"column":0},"end":{"line":160,"column":9}},"160":{"start":{"line":161,"column":0},"end":{"line":161,"column":39}},"161":{"start":{"line":162,"column":0},"end":{"line":162,"column":82}},"162":{"start":{"line":163,"column":0},"end":{"line":163,"column":9}},"163":{"start":{"line":164,"column":0},"end":{"line":164,"column":2}},"164":{"start":{"line":165,"column":0},"end":{"line":165,"column":0}},"165":{"start":{"line":166,"column":0},"end":{"line":166,"column":30}},"166":{"start":{"line":167,"column":0},"end":{"line":167,"column":93}},"167":{"start":{"line":168,"column":0},"end":{"line":168,"column":3}},"168":{"start":{"line":169,"column":0},"end":{"line":169,"column":0}},"169":{"start":{"line":170,"column":0},"end":{"line":170,"column":55}},"170":{"start":{"line":171,"column":0},"end":{"line":171,"column":54}},"171":{"start":{"line":172,"column":0},"end":{"line":172,"column":46}},"172":{"start":{"line":173,"column":0},"end":{"line":173,"column":31}},"173":{"start":{"line":174,"column":0},"end":{"line":174,"column":29}},"174":{"start":{"line":175,"column":0},"end":{"line":175,"column":0}},"175":{"start":{"line":176,"column":0},"end":{"line":176,"column":36}},"176":{"start":{"line":177,"column":0},"end":{"line":177,"column":90}},"177":{"start":{"line":178,"column":0},"end":{"line":178,"column":9}},"178":{"start":{"line":179,"column":0},"end":{"line":179,"column":2}},"179":{"start":{"line":180,"column":0},"end":{"line":180,"column":0}},"180":{"start":{"line":181,"column":0},"end":{"line":181,"column":22}},"181":{"start":{"line":182,"column":0},"end":{"line":182,"column":97}},"182":{"start":{"line":183,"column":0},"end":{"line":183,"column":9}},"183":{"start":{"line":184,"column":0},"end":{"line":184,"column":2}},"184":{"start":{"line":185,"column":0},"end":{"line":185,"column":0}},"185":{"start":{"line":186,"column":0},"end":{"line":186,"column":32}},"186":{"start":{"line":187,"column":0},"end":{"line":187,"column":86}},"187":{"start":{"line":188,"column":0},"end":{"line":188,"column":9}},"188":{"start":{"line":189,"column":0},"end":{"line":189,"column":2}},"189":{"start":{"line":190,"column":0},"end":{"line":190,"column":0}},"190":{"start":{"line":191,"column":0},"end":{"line":191,"column":18}},"191":{"start":{"line":192,"column":0},"end":{"line":192,"column":93}},"192":{"start":{"line":193,"column":0},"end":{"line":193,"column":9}},"193":{"start":{"line":194,"column":0},"end":{"line":194,"column":2}},"194":{"start":{"line":195,"column":0},"end":{"line":195,"column":0}},"195":{"start":{"line":196,"column":0},"end":{"line":196,"column":11}},"196":{"start":{"line":197,"column":0},"end":{"line":197,"column":78}},"197":{"start":{"line":198,"column":0},"end":{"line":198,"column":9}},"198":{"start":{"line":199,"column":0},"end":{"line":199,"column":2}},"199":{"start":{"line":200,"column":0},"end":{"line":200,"column":1}},"200":{"start":{"line":201,"column":0},"end":{"line":201,"column":48}},"201":{"start":{"line":202,"column":0},"end":{"line":202,"column":54}},"202":{"start":{"line":203,"column":0},"end":{"line":203,"column":9}},"203":{"start":{"line":204,"column":0},"end":{"line":204,"column":2}},"204":{"start":{"line":205,"column":0},"end":{"line":205,"column":0}},"205":{"start":{"line":206,"column":0},"end":{"line":206,"column":34}},"206":{"start":{"line":207,"column":0},"end":{"line":207,"column":0}},"207":{"start":{"line":208,"column":0},"end":{"line":208,"column":12}},"208":{"start":{"line":209,"column":0},"end":{"line":209,"column":52}},"209":{"start":{"line":210,"column":0},"end":{"line":210,"column":9}},"210":{"start":{"line":211,"column":0},"end":{"line":211,"column":2}},"211":{"start":{"line":212,"column":0},"end":{"line":212,"column":0}},"212":{"start":{"line":213,"column":0},"end":{"line":213,"column":41}},"213":{"start":{"line":214,"column":0},"end":{"line":214,"column":0}},"214":{"start":{"line":215,"column":0},"end":{"line":215,"column":22}},"215":{"start":{"line":216,"column":0},"end":{"line":216,"column":28}},"216":{"start":{"line":217,"column":0},"end":{"line":217,"column":3}},"217":{"start":{"line":218,"column":0},"end":{"line":218,"column":0}},"218":{"start":{"line":219,"column":0},"end":{"line":219,"column":67}},"219":{"start":{"line":220,"column":0},"end":{"line":220,"column":54}},"220":{"start":{"line":221,"column":0},"end":{"line":221,"column":46}},"221":{"start":{"line":222,"column":0},"end":{"line":222,"column":0}},"222":{"start":{"line":223,"column":0},"end":{"line":223,"column":36}},"223":{"start":{"line":224,"column":0},"end":{"line":224,"column":90}},"224":{"start":{"line":225,"column":0},"end":{"line":225,"column":9}},"225":{"start":{"line":226,"column":0},"end":{"line":226,"column":2}},"226":{"start":{"line":227,"column":0},"end":{"line":227,"column":0}},"227":{"start":{"line":228,"column":0},"end":{"line":228,"column":22}},"228":{"start":{"line":229,"column":0},"end":{"line":229,"column":96}},"229":{"start":{"line":230,"column":0},"end":{"line":230,"column":9}},"230":{"start":{"line":231,"column":0},"end":{"line":231,"column":2}},"231":{"start":{"line":232,"column":0},"end":{"line":232,"column":0}},"232":{"start":{"line":233,"column":0},"end":{"line":233,"column":32}},"233":{"start":{"line":234,"column":0},"end":{"line":234,"column":86}},"234":{"start":{"line":235,"column":0},"end":{"line":235,"column":9}},"235":{"start":{"line":236,"column":0},"end":{"line":236,"column":2}},"236":{"start":{"line":237,"column":0},"end":{"line":237,"column":0}},"237":{"start":{"line":238,"column":0},"end":{"line":238,"column":18}},"238":{"start":{"line":239,"column":0},"end":{"line":239,"column":92}},"239":{"start":{"line":240,"column":0},"end":{"line":240,"column":9}},"240":{"start":{"line":241,"column":0},"end":{"line":241,"column":2}},"241":{"start":{"line":242,"column":0},"end":{"line":242,"column":1}},"242":{"start":{"line":243,"column":0},"end":{"line":243,"column":48}},"243":{"start":{"line":244,"column":0},"end":{"line":244,"column":56}},"244":{"start":{"line":245,"column":0},"end":{"line":245,"column":9}},"245":{"start":{"line":246,"column":0},"end":{"line":246,"column":2}},"246":{"start":{"line":247,"column":0},"end":{"line":247,"column":0}},"247":{"start":{"line":248,"column":0},"end":{"line":248,"column":34}},"248":{"start":{"line":249,"column":0},"end":{"line":249,"column":0}},"249":{"start":{"line":250,"column":0},"end":{"line":250,"column":12}},"250":{"start":{"line":251,"column":0},"end":{"line":251,"column":54}},"251":{"start":{"line":252,"column":0},"end":{"line":252,"column":9}},"252":{"start":{"line":253,"column":0},"end":{"line":253,"column":2}},"253":{"start":{"line":254,"column":0},"end":{"line":254,"column":0}},"254":{"start":{"line":255,"column":0},"end":{"line":255,"column":49}},"255":{"start":{"line":256,"column":0},"end":{"line":256,"column":42}},"256":{"start":{"line":257,"column":0},"end":{"line":257,"column":37}},"257":{"start":{"line":258,"column":0},"end":{"line":258,"column":2}},"258":{"start":{"line":259,"column":0},"end":{"line":259,"column":23}},"259":{"start":{"line":260,"column":0},"end":{"line":260,"column":24}},"260":{"start":{"line":261,"column":0},"end":{"line":261,"column":0}},"261":{"start":{"line":262,"column":0},"end":{"line":262,"column":22}},"262":{"start":{"line":263,"column":0},"end":{"line":263,"column":28}},"263":{"start":{"line":264,"column":0},"end":{"line":264,"column":3}},"264":{"start":{"line":265,"column":0},"end":{"line":265,"column":0}},"265":{"start":{"line":266,"column":0},"end":{"line":266,"column":58}},"266":{"start":{"line":267,"column":0},"end":{"line":267,"column":54}},"267":{"start":{"line":268,"column":0},"end":{"line":268,"column":46}},"268":{"start":{"line":269,"column":0},"end":{"line":269,"column":54}},"269":{"start":{"line":270,"column":0},"end":{"line":270,"column":0}},"270":{"start":{"line":271,"column":0},"end":{"line":271,"column":36}},"271":{"start":{"line":272,"column":0},"end":{"line":272,"column":79}},"272":{"start":{"line":273,"column":0},"end":{"line":273,"column":9}},"273":{"start":{"line":274,"column":0},"end":{"line":274,"column":2}},"274":{"start":{"line":275,"column":0},"end":{"line":275,"column":0}},"275":{"start":{"line":276,"column":0},"end":{"line":276,"column":22}},"276":{"start":{"line":277,"column":0},"end":{"line":277,"column":93}},"277":{"start":{"line":278,"column":0},"end":{"line":278,"column":9}},"278":{"start":{"line":279,"column":0},"end":{"line":279,"column":2}},"279":{"start":{"line":280,"column":0},"end":{"line":280,"column":0}},"280":{"start":{"line":281,"column":0},"end":{"line":281,"column":32}},"281":{"start":{"line":282,"column":0},"end":{"line":282,"column":75}},"282":{"start":{"line":283,"column":0},"end":{"line":283,"column":9}},"283":{"start":{"line":284,"column":0},"end":{"line":284,"column":2}},"284":{"start":{"line":285,"column":0},"end":{"line":285,"column":0}},"285":{"start":{"line":286,"column":0},"end":{"line":286,"column":18}},"286":{"start":{"line":287,"column":0},"end":{"line":287,"column":89}},"287":{"start":{"line":288,"column":0},"end":{"line":288,"column":9}},"288":{"start":{"line":289,"column":0},"end":{"line":289,"column":2}},"289":{"start":{"line":290,"column":0},"end":{"line":290,"column":1}},"290":{"start":{"line":291,"column":0},"end":{"line":291,"column":41}},"291":{"start":{"line":292,"column":0},"end":{"line":292,"column":56}},"292":{"start":{"line":293,"column":0},"end":{"line":293,"column":9}},"293":{"start":{"line":294,"column":0},"end":{"line":294,"column":2}},"294":{"start":{"line":295,"column":0},"end":{"line":295,"column":0}},"295":{"start":{"line":296,"column":0},"end":{"line":296,"column":57}},"296":{"start":{"line":297,"column":0},"end":{"line":297,"column":22}},"297":{"start":{"line":298,"column":0},"end":{"line":298,"column":28}},"298":{"start":{"line":299,"column":0},"end":{"line":299,"column":3}},"299":{"start":{"line":300,"column":0},"end":{"line":300,"column":0}},"300":{"start":{"line":301,"column":0},"end":{"line":301,"column":51}},"301":{"start":{"line":302,"column":0},"end":{"line":302,"column":51}},"302":{"start":{"line":303,"column":0},"end":{"line":303,"column":33}},"303":{"start":{"line":304,"column":0},"end":{"line":304,"column":22}},"304":{"start":{"line":305,"column":0},"end":{"line":305,"column":27}},"305":{"start":{"line":306,"column":0},"end":{"line":306,"column":51}},"306":{"start":{"line":307,"column":0},"end":{"line":307,"column":33}},"307":{"start":{"line":308,"column":0},"end":{"line":308,"column":22}},"308":{"start":{"line":309,"column":0},"end":{"line":309,"column":27}},"309":{"start":{"line":310,"column":0},"end":{"line":310,"column":9}},"310":{"start":{"line":311,"column":0},"end":{"line":311,"column":0}},"311":{"start":{"line":312,"column":0},"end":{"line":312,"column":38}},"312":{"start":{"line":313,"column":0},"end":{"line":313,"column":39}},"313":{"start":{"line":314,"column":0},"end":{"line":314,"column":64}},"314":{"start":{"line":315,"column":0},"end":{"line":315,"column":51}},"315":{"start":{"line":316,"column":0},"end":{"line":316,"column":52}},"316":{"start":{"line":317,"column":0},"end":{"line":317,"column":30}},"317":{"start":{"line":318,"column":0},"end":{"line":318,"column":13}},"318":{"start":{"line":319,"column":0},"end":{"line":319,"column":34}},"319":{"start":{"line":320,"column":0},"end":{"line":320,"column":32}},"320":{"start":{"line":321,"column":0},"end":{"line":321,"column":6}},"321":{"start":{"line":322,"column":0},"end":{"line":322,"column":12}},"322":{"start":{"line":323,"column":0},"end":{"line":323,"column":31}},"323":{"start":{"line":324,"column":0},"end":{"line":324,"column":5}},"324":{"start":{"line":325,"column":0},"end":{"line":325,"column":11}},"325":{"start":{"line":326,"column":0},"end":{"line":326,"column":35}},"326":{"start":{"line":327,"column":0},"end":{"line":327,"column":4}},"327":{"start":{"line":328,"column":0},"end":{"line":328,"column":10}},"328":{"start":{"line":329,"column":0},"end":{"line":329,"column":39}},"329":{"start":{"line":330,"column":0},"end":{"line":330,"column":3}},"330":{"start":{"line":331,"column":0},"end":{"line":331,"column":9}},"331":{"start":{"line":332,"column":0},"end":{"line":332,"column":37}},"332":{"start":{"line":333,"column":0},"end":{"line":333,"column":2}},"333":{"start":{"line":334,"column":0},"end":{"line":334,"column":0}},"334":{"start":{"line":335,"column":0},"end":{"line":335,"column":12}},"335":{"start":{"line":336,"column":0},"end":{"line":336,"column":1}},"336":{"start":{"line":337,"column":0},"end":{"line":337,"column":0}},"337":{"start":{"line":338,"column":0},"end":{"line":338,"column":32}},"338":{"start":{"line":339,"column":0},"end":{"line":339,"column":39}},"339":{"start":{"line":340,"column":0},"end":{"line":340,"column":1}},"340":{"start":{"line":341,"column":0},"end":{"line":341,"column":0}},"341":{"start":{"line":342,"column":0},"end":{"line":342,"column":60}},"342":{"start":{"line":343,"column":0},"end":{"line":343,"column":90}},"343":{"start":{"line":344,"column":0},"end":{"line":344,"column":0}},"344":{"start":{"line":345,"column":0},"end":{"line":345,"column":43}},"345":{"start":{"line":346,"column":0},"end":{"line":346,"column":42}},"346":{"start":{"line":347,"column":0},"end":{"line":347,"column":47}},"347":{"start":{"line":348,"column":0},"end":{"line":348,"column":43}},"348":{"start":{"line":349,"column":0},"end":{"line":349,"column":42}},"349":{"start":{"line":350,"column":0},"end":{"line":350,"column":47}},"350":{"start":{"line":351,"column":0},"end":{"line":351,"column":0}},"351":{"start":{"line":352,"column":0},"end":{"line":352,"column":29}},"352":{"start":{"line":353,"column":0},"end":{"line":353,"column":29}},"353":{"start":{"line":354,"column":0},"end":{"line":354,"column":1}},"354":{"start":{"line":355,"column":0},"end":{"line":355,"column":0}},"355":{"start":{"line":356,"column":0},"end":{"line":356,"column":55}},"356":{"start":{"line":357,"column":0},"end":{"line":357,"column":39}},"357":{"start":{"line":358,"column":0},"end":{"line":358,"column":16}},"358":{"start":{"line":359,"column":0},"end":{"line":359,"column":0}},"359":{"start":{"line":360,"column":0},"end":{"line":360,"column":25}},"360":{"start":{"line":361,"column":0},"end":{"line":361,"column":29}},"361":{"start":{"line":362,"column":0},"end":{"line":362,"column":0}},"362":{"start":{"line":363,"column":0},"end":{"line":363,"column":25}},"363":{"start":{"line":364,"column":0},"end":{"line":364,"column":87}},"364":{"start":{"line":365,"column":0},"end":{"line":365,"column":26}},"365":{"start":{"line":366,"column":0},"end":{"line":366,"column":30}},"366":{"start":{"line":367,"column":0},"end":{"line":367,"column":2}},"367":{"start":{"line":368,"column":0},"end":{"line":368,"column":0}},"368":{"start":{"line":369,"column":0},"end":{"line":369,"column":18}},"369":{"start":{"line":370,"column":0},"end":{"line":370,"column":1}},"370":{"start":{"line":371,"column":0},"end":{"line":371,"column":0}},"371":{"start":{"line":372,"column":0},"end":{"line":372,"column":37}},"372":{"start":{"line":373,"column":0},"end":{"line":373,"column":44}},"373":{"start":{"line":374,"column":0},"end":{"line":374,"column":1}},"374":{"start":{"line":375,"column":0},"end":{"line":375,"column":0}},"375":{"start":{"line":376,"column":0},"end":{"line":376,"column":26}},"376":{"start":{"line":377,"column":0},"end":{"line":377,"column":39}},"377":{"start":{"line":378,"column":0},"end":{"line":378,"column":1}},"378":{"start":{"line":379,"column":0},"end":{"line":379,"column":0}},"379":{"start":{"line":380,"column":0},"end":{"line":380,"column":57}},"380":{"start":{"line":381,"column":0},"end":{"line":381,"column":71}},"381":{"start":{"line":382,"column":0},"end":{"line":382,"column":1}},"382":{"start":{"line":383,"column":0},"end":{"line":383,"column":0}},"383":{"start":{"line":384,"column":0},"end":{"line":384,"column":27}},"384":{"start":{"line":385,"column":0},"end":{"line":385,"column":20}},"385":{"start":{"line":386,"column":0},"end":{"line":386,"column":1}},"386":{"start":{"line":387,"column":0},"end":{"line":387,"column":0}},"387":{"start":{"line":388,"column":0},"end":{"line":388,"column":27}},"388":{"start":{"line":389,"column":0},"end":{"line":389,"column":53}},"389":{"start":{"line":390,"column":0},"end":{"line":390,"column":1}},"390":{"start":{"line":391,"column":0},"end":{"line":391,"column":0}},"391":{"start":{"line":392,"column":0},"end":{"line":392,"column":27}},"392":{"start":{"line":393,"column":0},"end":{"line":393,"column":95}},"393":{"start":{"line":394,"column":0},"end":{"line":394,"column":1}},"394":{"start":{"line":395,"column":0},"end":{"line":395,"column":0}},"395":{"start":{"line":396,"column":0},"end":{"line":396,"column":24}},"396":{"start":{"line":397,"column":0},"end":{"line":397,"column":9}},"397":{"start":{"line":398,"column":0},"end":{"line":398,"column":60}},"398":{"start":{"line":399,"column":0},"end":{"line":399,"column":30}},"399":{"start":{"line":400,"column":0},"end":{"line":400,"column":45}},"400":{"start":{"line":401,"column":0},"end":{"line":401,"column":50}},"401":{"start":{"line":402,"column":0},"end":{"line":402,"column":2}},"402":{"start":{"line":403,"column":0},"end":{"line":403,"column":1}},"403":{"start":{"line":404,"column":0},"end":{"line":404,"column":0}},"404":{"start":{"line":405,"column":0},"end":{"line":405,"column":32}},"405":{"start":{"line":406,"column":0},"end":{"line":406,"column":14}},"406":{"start":{"line":407,"column":0},"end":{"line":407,"column":0}},"407":{"start":{"line":408,"column":0},"end":{"line":408,"column":39}},"408":{"start":{"line":409,"column":0},"end":{"line":409,"column":47}},"409":{"start":{"line":410,"column":0},"end":{"line":410,"column":47}},"410":{"start":{"line":411,"column":0},"end":{"line":411,"column":43}},"411":{"start":{"line":412,"column":0},"end":{"line":412,"column":2}},"412":{"start":{"line":413,"column":0},"end":{"line":413,"column":0}},"413":{"start":{"line":414,"column":0},"end":{"line":414,"column":12}},"414":{"start":{"line":415,"column":0},"end":{"line":415,"column":1}},"415":{"start":{"line":416,"column":0},"end":{"line":416,"column":0}},"416":{"start":{"line":417,"column":0},"end":{"line":417,"column":24}}},"s":{"0":1,"1":1,"2":1,"3":1,"4":1,"5":1,"6":1,"7":3,"8":3,"9":3,"10":3,"11":3,"12":3,"13":3,"14":1,"15":1,"16":1,"17":2,"18":3,"19":1,"20":1,"21":1,"22":1,"23":1,"24":1,"25":1,"26":1,"27":0,"28":0,"29":0,"30":0,"31":0,"32":0,"33":0,"34":0,"35":0,"36":0,"37":0,"38":0,"39":0,"40":0,"41":0,"42":0,"43":0,"44":0,"45":0,"46":0,"47":0,"48":0,"49":0,"50":0,"51":0,"52":1,"53":1,"54":2,"55":2,"56":2,"57":0,"58":0,"59":0,"60":2,"61":2,"62":1,"63":1,"64":1,"65":1,"66":1,"67":1,"68":1,"69":1,"70":0,"71":0,"72":0,"73":0,"74":0,"75":0,"76":0,"77":0,"78":0,"79":1,"80":1,"81":8,"82":8,"83":8,"84":8,"85":1,"86":1,"87":1,"88":7,"89":8,"90":1,"91":1,"92":1,"93":6,"94":8,"95":1,"96":1,"97":1,"98":5,"99":8,"100":1,"101":1,"102":1,"103":4,"104":8,"105":2,"106":2,"107":2,"108":2,"109":2,"110":2,"111":8,"112":1,"113":1,"114":1,"115":1,"116":1,"117":1,"118":1,"119":1,"120":1,"121":3,"122":3,"123":3,"124":3,"125":1,"126":1,"127":1,"128":2,"129":3,"130":1,"131":1,"132":1,"133":1,"134":1,"135":1,"136":1,"137":1,"138":0,"139":0,"140":0,"141":0,"142":0,"143":0,"144":0,"145":0,"146":0,"147":0,"148":0,"149":0,"150":0,"151":0,"152":0,"153":0,"154":0,"155":0,"156":0,"157":0,"158":0,"159":0,"160":0,"161":0,"162":0,"163":0,"164":0,"165":0,"166":0,"167":0,"168":1,"169":1,"170":3,"171":3,"172":3,"173":3,"174":3,"175":3,"176":1,"177":1,"178":1,"179":2,"180":3,"181":1,"182":1,"183":1,"184":1,"185":1,"186":1,"187":1,"188":1,"189":0,"190":0,"191":0,"192":0,"193":0,"194":0,"195":0,"196":0,"197":0,"198":0,"199":0,"200":0,"201":0,"202":0,"203":0,"204":0,"205":0,"206":0,"207":0,"208":0,"209":0,"210":0,"211":0,"212":0,"213":0,"214":0,"215":0,"216":0,"217":1,"218":1,"219":3,"220":3,"221":3,"222":3,"223":1,"224":1,"225":1,"226":2,"227":3,"228":1,"229":1,"230":1,"231":1,"232":1,"233":1,"234":1,"235":1,"236":0,"237":0,"238":0,"239":0,"240":0,"241":0,"242":0,"243":0,"244":0,"245":0,"246":0,"247":0,"248":0,"249":0,"250":0,"251":0,"252":0,"253":0,"254":0,"255":0,"256":0,"257":0,"258":0,"259":0,"260":0,"261":0,"262":0,"263":0,"264":1,"265":1,"266":5,"267":5,"268":5,"269":5,"270":5,"271":1,"272":1,"273":1,"274":4,"275":5,"276":1,"277":1,"278":1,"279":3,"280":5,"281":1,"282":1,"283":1,"284":2,"285":5,"286":1,"287":1,"288":1,"289":1,"290":1,"291":1,"292":1,"293":1,"294":0,"295":0,"296":0,"297":0,"298":0,"299":1,"300":0,"301":0,"302":0,"303":0,"304":0,"305":0,"306":0,"307":0,"308":0,"309":0,"310":0,"311":0,"312":0,"313":0,"314":0,"315":0,"316":0,"317":0,"318":0,"319":0,"320":0,"321":0,"322":0,"323":0,"324":0,"325":0,"326":0,"327":0,"328":0,"329":0,"330":0,"331":0,"332":0,"333":0,"334":0,"335":0,"336":1,"337":7,"338":7,"339":7,"340":1,"341":0,"342":0,"343":0,"344":0,"345":0,"346":0,"347":0,"348":0,"349":0,"350":0,"351":0,"352":0,"353":0,"354":1,"355":0,"356":0,"357":0,"358":0,"359":0,"360":0,"361":0,"362":0,"363":0,"364":0,"365":0,"366":0,"367":0,"368":0,"369":0,"370":1,"371":0,"372":0,"373":0,"374":1,"375":2,"376":2,"377":2,"378":1,"379":0,"380":0,"381":0,"382":1,"383":0,"384":0,"385":0,"386":1,"387":0,"388":0,"389":0,"390":1,"391":0,"392":0,"393":0,"394":1,"395":1,"396":1,"397":1,"398":1,"399":1,"400":1,"401":1,"402":1,"403":1,"404":2,"405":2,"406":2,"407":2,"408":1,"409":1,"410":1,"411":1,"412":2,"413":2,"414":2,"415":1,"416":1},"branchMap":{"0":{"type":"branch","line":7,"loc":{"start":{"line":7,"column":15},"end":{"line":52,"column":3}},"locations":[{"start":{"line":7,"column":15},"end":{"line":52,"column":3}}]},"1":{"type":"branch","line":14,"loc":{"start":{"line":14,"column":35},"end":{"line":17,"column":2}},"locations":[{"start":{"line":14,"column":35},"end":{"line":17,"column":2}}]},"2":{"type":"branch","line":18,"loc":{"start":{"line":18,"column":-2},"end":{"line":19,"column":4}},"locations":[{"start":{"line":18,"column":-2},"end":{"line":19,"column":4}}]},"3":{"type":"branch","line":19,"loc":{"start":{"line":19,"column":21},"end":{"line":27,"column":2}},"locations":[{"start":{"line":19,"column":21},"end":{"line":27,"column":2}}]},"4":{"type":"branch","line":28,"loc":{"start":{"line":28,"column":-2},"end":{"line":52,"column":3}},"locations":[{"start":{"line":28,"column":-2},"end":{"line":52,"column":3}}]},"5":{"type":"branch","line":54,"loc":{"start":{"line":54,"column":27},"end":{"line":79,"column":3}},"locations":[{"start":{"line":54,"column":27},"end":{"line":79,"column":3}}]},"6":{"type":"branch","line":57,"loc":{"start":{"line":57,"column":35},"end":{"line":60,"column":2}},"locations":[{"start":{"line":57,"column":35},"end":{"line":60,"column":2}}]},"7":{"type":"branch","line":62,"loc":{"start":{"line":62,"column":21},"end":{"line":70,"column":2}},"locations":[{"start":{"line":62,"column":21},"end":{"line":70,"column":2}}]},"8":{"type":"branch","line":71,"loc":{"start":{"line":71,"column":-2},"end":{"line":79,"column":3}},"locations":[{"start":{"line":71,"column":-2},"end":{"line":79,"column":3}}]},"9":{"type":"branch","line":81,"loc":{"start":{"line":81,"column":35},"end":{"line":119,"column":3}},"locations":[{"start":{"line":81,"column":35},"end":{"line":119,"column":3}}]},"10":{"type":"branch","line":85,"loc":{"start":{"line":85,"column":35},"end":{"line":88,"column":2}},"locations":[{"start":{"line":85,"column":35},"end":{"line":88,"column":2}}]},"11":{"type":"branch","line":89,"loc":{"start":{"line":89,"column":-2},"end":{"line":90,"column":4}},"locations":[{"start":{"line":89,"column":-2},"end":{"line":90,"column":4}}]},"12":{"type":"branch","line":90,"loc":{"start":{"line":90,"column":21},"end":{"line":93,"column":2}},"locations":[{"start":{"line":90,"column":21},"end":{"line":93,"column":2}}]},"13":{"type":"branch","line":94,"loc":{"start":{"line":94,"column":-2},"end":{"line":95,"column":4}},"locations":[{"start":{"line":94,"column":-2},"end":{"line":95,"column":4}}]},"14":{"type":"branch","line":95,"loc":{"start":{"line":95,"column":31},"end":{"line":98,"column":2}},"locations":[{"start":{"line":95,"column":31},"end":{"line":98,"column":2}}]},"15":{"type":"branch","line":99,"loc":{"start":{"line":99,"column":-2},"end":{"line":100,"column":4}},"locations":[{"start":{"line":99,"column":-2},"end":{"line":100,"column":4}}]},"16":{"type":"branch","line":100,"loc":{"start":{"line":100,"column":17},"end":{"line":103,"column":2}},"locations":[{"start":{"line":100,"column":17},"end":{"line":103,"column":2}}]},"17":{"type":"branch","line":104,"loc":{"start":{"line":104,"column":-2},"end":{"line":105,"column":4}},"locations":[{"start":{"line":104,"column":-2},"end":{"line":105,"column":4}}]},"18":{"type":"branch","line":105,"loc":{"start":{"line":105,"column":47},"end":{"line":112,"column":4}},"locations":[{"start":{"line":105,"column":47},"end":{"line":112,"column":4}}]},"19":{"type":"branch","line":112,"loc":{"start":{"line":112,"column":11},"end":{"line":119,"column":3}},"locations":[{"start":{"line":112,"column":11},"end":{"line":119,"column":3}}]},"20":{"type":"branch","line":121,"loc":{"start":{"line":121,"column":16},"end":{"line":168,"column":3}},"locations":[{"start":{"line":121,"column":16},"end":{"line":168,"column":3}}]},"21":{"type":"branch","line":125,"loc":{"start":{"line":125,"column":35},"end":{"line":128,"column":2}},"locations":[{"start":{"line":125,"column":35},"end":{"line":128,"column":2}}]},"22":{"type":"branch","line":129,"loc":{"start":{"line":129,"column":-2},"end":{"line":130,"column":4}},"locations":[{"start":{"line":129,"column":-2},"end":{"line":130,"column":4}}]},"23":{"type":"branch","line":130,"loc":{"start":{"line":130,"column":21},"end":{"line":138,"column":2}},"locations":[{"start":{"line":130,"column":21},"end":{"line":138,"column":2}}]},"24":{"type":"branch","line":139,"loc":{"start":{"line":139,"column":-2},"end":{"line":168,"column":3}},"locations":[{"start":{"line":139,"column":-2},"end":{"line":168,"column":3}}]},"25":{"type":"branch","line":170,"loc":{"start":{"line":170,"column":35},"end":{"line":217,"column":3}},"locations":[{"start":{"line":170,"column":35},"end":{"line":217,"column":3}}]},"26":{"type":"branch","line":176,"loc":{"start":{"line":176,"column":35},"end":{"line":179,"column":2}},"locations":[{"start":{"line":176,"column":35},"end":{"line":179,"column":2}}]},"27":{"type":"branch","line":180,"loc":{"start":{"line":180,"column":-2},"end":{"line":181,"column":4}},"locations":[{"start":{"line":180,"column":-2},"end":{"line":181,"column":4}}]},"28":{"type":"branch","line":181,"loc":{"start":{"line":181,"column":21},"end":{"line":189,"column":2}},"locations":[{"start":{"line":181,"column":21},"end":{"line":189,"column":2}}]},"29":{"type":"branch","line":190,"loc":{"start":{"line":190,"column":-2},"end":{"line":217,"column":3}},"locations":[{"start":{"line":190,"column":-2},"end":{"line":217,"column":3}}]},"30":{"type":"branch","line":219,"loc":{"start":{"line":219,"column":47},"end":{"line":264,"column":3}},"locations":[{"start":{"line":219,"column":47},"end":{"line":264,"column":3}}]},"31":{"type":"branch","line":223,"loc":{"start":{"line":223,"column":35},"end":{"line":226,"column":2}},"locations":[{"start":{"line":223,"column":35},"end":{"line":226,"column":2}}]},"32":{"type":"branch","line":227,"loc":{"start":{"line":227,"column":-2},"end":{"line":228,"column":4}},"locations":[{"start":{"line":227,"column":-2},"end":{"line":228,"column":4}}]},"33":{"type":"branch","line":228,"loc":{"start":{"line":228,"column":21},"end":{"line":236,"column":2}},"locations":[{"start":{"line":228,"column":21},"end":{"line":236,"column":2}}]},"34":{"type":"branch","line":237,"loc":{"start":{"line":237,"column":-2},"end":{"line":264,"column":3}},"locations":[{"start":{"line":237,"column":-2},"end":{"line":264,"column":3}}]},"35":{"type":"branch","line":266,"loc":{"start":{"line":266,"column":38},"end":{"line":299,"column":3}},"locations":[{"start":{"line":266,"column":38},"end":{"line":299,"column":3}}]},"36":{"type":"branch","line":271,"loc":{"start":{"line":271,"column":35},"end":{"line":274,"column":2}},"locations":[{"start":{"line":271,"column":35},"end":{"line":274,"column":2}}]},"37":{"type":"branch","line":275,"loc":{"start":{"line":275,"column":-2},"end":{"line":276,"column":4}},"locations":[{"start":{"line":275,"column":-2},"end":{"line":276,"column":4}}]},"38":{"type":"branch","line":276,"loc":{"start":{"line":276,"column":21},"end":{"line":279,"column":2}},"locations":[{"start":{"line":276,"column":21},"end":{"line":279,"column":2}}]},"39":{"type":"branch","line":280,"loc":{"start":{"line":280,"column":-2},"end":{"line":281,"column":4}},"locations":[{"start":{"line":280,"column":-2},"end":{"line":281,"column":4}}]},"40":{"type":"branch","line":281,"loc":{"start":{"line":281,"column":31},"end":{"line":284,"column":2}},"locations":[{"start":{"line":281,"column":31},"end":{"line":284,"column":2}}]},"41":{"type":"branch","line":285,"loc":{"start":{"line":285,"column":-2},"end":{"line":286,"column":4}},"locations":[{"start":{"line":285,"column":-2},"end":{"line":286,"column":4}}]},"42":{"type":"branch","line":286,"loc":{"start":{"line":286,"column":17},"end":{"line":294,"column":2}},"locations":[{"start":{"line":286,"column":17},"end":{"line":294,"column":2}}]},"43":{"type":"branch","line":295,"loc":{"start":{"line":295,"column":-2},"end":{"line":299,"column":3}},"locations":[{"start":{"line":295,"column":-2},"end":{"line":299,"column":3}}]},"44":{"type":"branch","line":338,"loc":{"start":{"line":338,"column":0},"end":{"line":340,"column":1}},"locations":[{"start":{"line":338,"column":0},"end":{"line":340,"column":1}}]},"45":{"type":"branch","line":376,"loc":{"start":{"line":376,"column":0},"end":{"line":378,"column":1}},"locations":[{"start":{"line":376,"column":0},"end":{"line":378,"column":1}}]},"46":{"type":"branch","line":396,"loc":{"start":{"line":396,"column":0},"end":{"line":403,"column":1}},"locations":[{"start":{"line":396,"column":0},"end":{"line":403,"column":1}}]},"47":{"type":"branch","line":405,"loc":{"start":{"line":405,"column":0},"end":{"line":415,"column":1}},"locations":[{"start":{"line":405,"column":0},"end":{"line":415,"column":1}}]},"48":{"type":"branch","line":408,"loc":{"start":{"line":408,"column":38},"end":{"line":412,"column":2}},"locations":[{"start":{"line":408,"column":38},"end":{"line":412,"column":2}}]}},"b":{"0":[3],"1":[1],"2":[2],"3":[1],"4":[0],"5":[2],"6":[0],"7":[1],"8":[0],"9":[8],"10":[1],"11":[7],"12":[1],"13":[6],"14":[1],"15":[5],"16":[1],"17":[4],"18":[2],"19":[1],"20":[3],"21":[1],"22":[2],"23":[1],"24":[0],"25":[3],"26":[1],"27":[2],"28":[1],"29":[0],"30":[3],"31":[1],"32":[2],"33":[1],"34":[0],"35":[5],"36":[1],"37":[4],"38":[1],"39":[3],"40":[1],"41":[2],"42":[1],"43":[0],"44":[7],"45":[2],"46":[1],"47":[2],"48":[1]},"fnMap":{"0":{"name":"createChat","decl":{"start":{"line":301,"column":0},"end":{"line":336,"column":1}},"loc":{"start":{"line":301,"column":0},"end":{"line":336,"column":1}},"line":301},"1":{"name":"doesUserExist","decl":{"start":{"line":338,"column":0},"end":{"line":340,"column":1}},"loc":{"start":{"line":338,"column":0},"end":{"line":340,"column":1}},"line":338},"2":{"name":"addMessageToChat","decl":{"start":{"line":342,"column":0},"end":{"line":354,"column":1}},"loc":{"start":{"line":342,"column":0},"end":{"line":354,"column":1}},"line":342},"3":{"name":"deleteChat","decl":{"start":{"line":356,"column":0},"end":{"line":370,"column":1}},"loc":{"start":{"line":356,"column":0},"end":{"line":370,"column":1}},"line":356},"4":{"name":"getChatsOfUser","decl":{"start":{"line":372,"column":0},"end":{"line":374,"column":1}},"loc":{"start":{"line":372,"column":0},"end":{"line":374,"column":1}},"line":372},"5":{"name":"getChat","decl":{"start":{"line":376,"column":0},"end":{"line":378,"column":1}},"loc":{"start":{"line":376,"column":0},"end":{"line":378,"column":1}},"line":376},"6":{"name":"getChatBetweenTwoUsers","decl":{"start":{"line":380,"column":0},"end":{"line":382,"column":1}},"loc":{"start":{"line":380,"column":0},"end":{"line":382,"column":1}},"line":380},"7":{"name":"insertChat","decl":{"start":{"line":384,"column":0},"end":{"line":386,"column":1}},"loc":{"start":{"line":384,"column":0},"end":{"line":386,"column":1}},"line":384},"8":{"name":"removeChat","decl":{"start":{"line":388,"column":0},"end":{"line":390,"column":1}},"loc":{"start":{"line":388,"column":0},"end":{"line":390,"column":1}},"line":388},"9":{"name":"updateChat","decl":{"start":{"line":392,"column":0},"end":{"line":394,"column":1}},"loc":{"start":{"line":392,"column":0},"end":{"line":394,"column":1}},"line":392},"10":{"name":"chatDTO","decl":{"start":{"line":396,"column":0},"end":{"line":403,"column":1}},"loc":{"start":{"line":396,"column":0},"end":{"line":403,"column":1}},"line":396},"11":{"name":"messagesDTO","decl":{"start":{"line":405,"column":0},"end":{"line":415,"column":1}},"loc":{"start":{"line":405,"column":0},"end":{"line":415,"column":1}},"line":405}},"f":{"0":0,"1":7,"2":0,"3":0,"4":0,"5":2,"6":0,"7":0,"8":0,"9":0,"10":1,"11":2}}
,"C:\\Users\\Leonardo\\Desktop\\Light-a-Match_ID-20\\lib\\interests.js": {"path":"C:\\Users\\Leonardo\\Desktop\\Light-a-Match_ID-20\\lib\\interests.js","all":false,"statementMap":{"0":{"start":{"line":1,"column":0},"end":{"line":1,"column":35}},"1":{"start":{"line":2,"column":0},"end":{"line":2,"column":32}},"2":{"start":{"line":3,"column":0},"end":{"line":3,"column":33}},"3":{"start":{"line":4,"column":0},"end":{"line":4,"column":49}},"4":{"start":{"line":5,"column":0},"end":{"line":5,"column":38}},"5":{"start":{"line":6,"column":0},"end":{"line":6,"column":0}},"6":{"start":{"line":7,"column":0},"end":{"line":7,"column":36}},"7":{"start":{"line":8,"column":0},"end":{"line":8,"column":44}},"8":{"start":{"line":9,"column":0},"end":{"line":9,"column":46}},"9":{"start":{"line":10,"column":0},"end":{"line":10,"column":16}},"10":{"start":{"line":11,"column":0},"end":{"line":11,"column":58}},"11":{"start":{"line":12,"column":0},"end":{"line":12,"column":32}},"12":{"start":{"line":13,"column":0},"end":{"line":13,"column":45}},"13":{"start":{"line":14,"column":0},"end":{"line":14,"column":10}},"14":{"start":{"line":15,"column":0},"end":{"line":15,"column":7}},"15":{"start":{"line":16,"column":0},"end":{"line":16,"column":39}},"16":{"start":{"line":17,"column":0},"end":{"line":17,"column":3}},"17":{"start":{"line":18,"column":0},"end":{"line":18,"column":0}},"18":{"start":{"line":19,"column":0},"end":{"line":19,"column":48}},"19":{"start":{"line":20,"column":0},"end":{"line":20,"column":57}},"20":{"start":{"line":21,"column":0},"end":{"line":21,"column":4}},"21":{"start":{"line":22,"column":0},"end":{"line":22,"column":40}},"22":{"start":{"line":23,"column":0},"end":{"line":23,"column":76}},"23":{"start":{"line":24,"column":0},"end":{"line":24,"column":5}},"24":{"start":{"line":25,"column":0},"end":{"line":25,"column":25}},"25":{"start":{"line":26,"column":0},"end":{"line":26,"column":98}},"26":{"start":{"line":27,"column":0},"end":{"line":27,"column":5}},"27":{"start":{"line":28,"column":0},"end":{"line":28,"column":4}},"28":{"start":{"line":29,"column":0},"end":{"line":29,"column":54}},"29":{"start":{"line":30,"column":0},"end":{"line":30,"column":4}},"30":{"start":{"line":31,"column":0},"end":{"line":31,"column":20}},"31":{"start":{"line":32,"column":0},"end":{"line":32,"column":73}},"32":{"start":{"line":33,"column":0},"end":{"line":33,"column":5}},"33":{"start":{"line":34,"column":0},"end":{"line":34,"column":4}},"34":{"start":{"line":35,"column":0},"end":{"line":35,"column":60}},"35":{"start":{"line":36,"column":0},"end":{"line":36,"column":4}},"36":{"start":{"line":37,"column":0},"end":{"line":37,"column":92}},"37":{"start":{"line":38,"column":0},"end":{"line":38,"column":0}},"38":{"start":{"line":39,"column":0},"end":{"line":39,"column":42}},"39":{"start":{"line":40,"column":0},"end":{"line":40,"column":3}},"40":{"start":{"line":41,"column":0},"end":{"line":41,"column":0}},"41":{"start":{"line":42,"column":0},"end":{"line":42,"column":50}},"42":{"start":{"line":43,"column":0},"end":{"line":43,"column":45}},"43":{"start":{"line":44,"column":0},"end":{"line":44,"column":30}},"44":{"start":{"line":45,"column":0},"end":{"line":45,"column":71}},"45":{"start":{"line":46,"column":0},"end":{"line":46,"column":4}},"46":{"start":{"line":47,"column":0},"end":{"line":47,"column":24}},"47":{"start":{"line":48,"column":0},"end":{"line":48,"column":92}},"48":{"start":{"line":49,"column":0},"end":{"line":49,"column":22}},"49":{"start":{"line":50,"column":0},"end":{"line":50,"column":33}},"50":{"start":{"line":51,"column":0},"end":{"line":51,"column":70}},"51":{"start":{"line":52,"column":0},"end":{"line":52,"column":14}},"52":{"start":{"line":53,"column":0},"end":{"line":53,"column":18}},"53":{"start":{"line":54,"column":0},"end":{"line":54,"column":61}},"54":{"start":{"line":55,"column":0},"end":{"line":55,"column":112}},"55":{"start":{"line":56,"column":0},"end":{"line":56,"column":14}},"56":{"start":{"line":57,"column":0},"end":{"line":57,"column":12}},"57":{"start":{"line":58,"column":0},"end":{"line":58,"column":5}},"58":{"start":{"line":59,"column":0},"end":{"line":59,"column":10}},"59":{"start":{"line":60,"column":0},"end":{"line":60,"column":70}},"60":{"start":{"line":61,"column":0},"end":{"line":61,"column":5}},"61":{"start":{"line":62,"column":0},"end":{"line":62,"column":3}},"62":{"start":{"line":63,"column":0},"end":{"line":63,"column":0}},"63":{"start":{"line":64,"column":0},"end":{"line":64,"column":37}},"64":{"start":{"line":65,"column":0},"end":{"line":65,"column":20}},"65":{"start":{"line":66,"column":0},"end":{"line":66,"column":29}},"66":{"start":{"line":67,"column":0},"end":{"line":67,"column":41}},"67":{"start":{"line":68,"column":0},"end":{"line":68,"column":6}},"68":{"start":{"line":69,"column":0},"end":{"line":69,"column":0}},"69":{"start":{"line":70,"column":0},"end":{"line":70,"column":27}},"70":{"start":{"line":71,"column":0},"end":{"line":71,"column":0}},"71":{"start":{"line":72,"column":0},"end":{"line":72,"column":61}},"72":{"start":{"line":73,"column":0},"end":{"line":73,"column":81}},"73":{"start":{"line":74,"column":0},"end":{"line":74,"column":15}},"74":{"start":{"line":75,"column":0},"end":{"line":75,"column":5}},"75":{"start":{"line":76,"column":0},"end":{"line":76,"column":41}},"76":{"start":{"line":77,"column":0},"end":{"line":77,"column":104}},"77":{"start":{"line":78,"column":0},"end":{"line":78,"column":15}},"78":{"start":{"line":79,"column":0},"end":{"line":79,"column":5}},"79":{"start":{"line":80,"column":0},"end":{"line":80,"column":75}},"80":{"start":{"line":81,"column":0},"end":{"line":81,"column":101}},"81":{"start":{"line":82,"column":0},"end":{"line":82,"column":15}},"82":{"start":{"line":83,"column":0},"end":{"line":83,"column":5}},"83":{"start":{"line":84,"column":0},"end":{"line":84,"column":4}},"84":{"start":{"line":85,"column":0},"end":{"line":85,"column":8}},"85":{"start":{"line":86,"column":0},"end":{"line":86,"column":68}},"86":{"start":{"line":87,"column":0},"end":{"line":87,"column":14}},"87":{"start":{"line":88,"column":0},"end":{"line":88,"column":26}},"88":{"start":{"line":89,"column":0},"end":{"line":89,"column":103}},"89":{"start":{"line":90,"column":0},"end":{"line":90,"column":116}},"90":{"start":{"line":91,"column":0},"end":{"line":91,"column":19}},"91":{"start":{"line":92,"column":0},"end":{"line":92,"column":9}},"92":{"start":{"line":93,"column":0},"end":{"line":93,"column":50}},"93":{"start":{"line":94,"column":0},"end":{"line":94,"column":0}},"94":{"start":{"line":95,"column":0},"end":{"line":95,"column":89}},"95":{"start":{"line":96,"column":0},"end":{"line":96,"column":5}},"96":{"start":{"line":97,"column":0},"end":{"line":97,"column":15}},"97":{"start":{"line":98,"column":0},"end":{"line":98,"column":31}},"98":{"start":{"line":99,"column":0},"end":{"line":99,"column":5}},"99":{"start":{"line":100,"column":0},"end":{"line":100,"column":3}},"100":{"start":{"line":101,"column":0},"end":{"line":101,"column":0}},"101":{"start":{"line":102,"column":0},"end":{"line":102,"column":47}},"102":{"start":{"line":103,"column":0},"end":{"line":103,"column":17}},"103":{"start":{"line":104,"column":0},"end":{"line":104,"column":50}},"104":{"start":{"line":105,"column":0},"end":{"line":105,"column":22}},"105":{"start":{"line":106,"column":0},"end":{"line":106,"column":35}},"106":{"start":{"line":107,"column":0},"end":{"line":107,"column":3}},"107":{"start":{"line":108,"column":0},"end":{"line":108,"column":0}},"108":{"start":{"line":109,"column":0},"end":{"line":109,"column":46}},"109":{"start":{"line":110,"column":0},"end":{"line":110,"column":70}},"110":{"start":{"line":111,"column":0},"end":{"line":111,"column":2}},"111":{"start":{"line":112,"column":0},"end":{"line":112,"column":0}},"112":{"start":{"line":113,"column":0},"end":{"line":113,"column":35}},"113":{"start":{"line":114,"column":0},"end":{"line":114,"column":95}},"114":{"start":{"line":115,"column":0},"end":{"line":115,"column":2}},"115":{"start":{"line":116,"column":0},"end":{"line":116,"column":0}},"116":{"start":{"line":117,"column":0},"end":{"line":117,"column":58}},"117":{"start":{"line":118,"column":0},"end":{"line":118,"column":88}},"118":{"start":{"line":119,"column":0},"end":{"line":119,"column":5}},"119":{"start":{"line":120,"column":0},"end":{"line":120,"column":0}},"120":{"start":{"line":121,"column":0},"end":{"line":121,"column":41}},"121":{"start":{"line":122,"column":0},"end":{"line":122,"column":111}},"122":{"start":{"line":123,"column":0},"end":{"line":123,"column":5}},"123":{"start":{"line":124,"column":0},"end":{"line":124,"column":0}},"124":{"start":{"line":125,"column":0},"end":{"line":125,"column":75}},"125":{"start":{"line":126,"column":0},"end":{"line":126,"column":108}},"126":{"start":{"line":127,"column":0},"end":{"line":127,"column":5}},"127":{"start":{"line":128,"column":0},"end":{"line":128,"column":0}},"128":{"start":{"line":129,"column":0},"end":{"line":129,"column":197}},"129":{"start":{"line":130,"column":0},"end":{"line":130,"column":0}},"130":{"start":{"line":131,"column":0},"end":{"line":131,"column":24}},"131":{"start":{"line":132,"column":0},"end":{"line":132,"column":67}},"132":{"start":{"line":133,"column":0},"end":{"line":133,"column":2}},"133":{"start":{"line":134,"column":0},"end":{"line":134,"column":0}},"134":{"start":{"line":135,"column":0},"end":{"line":135,"column":47}},"135":{"start":{"line":136,"column":0},"end":{"line":136,"column":3}},"136":{"start":{"line":137,"column":0},"end":{"line":137,"column":0}},"137":{"start":{"line":138,"column":0},"end":{"line":138,"column":54}},"138":{"start":{"line":139,"column":0},"end":{"line":139,"column":43}},"139":{"start":{"line":140,"column":0},"end":{"line":140,"column":4}},"140":{"start":{"line":141,"column":0},"end":{"line":141,"column":37}},"141":{"start":{"line":142,"column":0},"end":{"line":142,"column":4}},"142":{"start":{"line":143,"column":0},"end":{"line":143,"column":36}},"143":{"start":{"line":144,"column":0},"end":{"line":144,"column":31}},"144":{"start":{"line":145,"column":0},"end":{"line":145,"column":16}},"145":{"start":{"line":146,"column":0},"end":{"line":146,"column":46}},"146":{"start":{"line":147,"column":0},"end":{"line":147,"column":32}},"147":{"start":{"line":148,"column":0},"end":{"line":148,"column":137}},"148":{"start":{"line":149,"column":0},"end":{"line":149,"column":9}},"149":{"start":{"line":150,"column":0},"end":{"line":150,"column":7}},"150":{"start":{"line":151,"column":0},"end":{"line":151,"column":4}},"151":{"start":{"line":152,"column":0},"end":{"line":152,"column":31}},"152":{"start":{"line":153,"column":0},"end":{"line":153,"column":4}},"153":{"start":{"line":154,"column":0},"end":{"line":154,"column":74}},"154":{"start":{"line":155,"column":0},"end":{"line":155,"column":106}},"155":{"start":{"line":156,"column":0},"end":{"line":156,"column":110}},"156":{"start":{"line":157,"column":0},"end":{"line":157,"column":115}},"157":{"start":{"line":158,"column":0},"end":{"line":158,"column":78}},"158":{"start":{"line":159,"column":0},"end":{"line":159,"column":14}},"159":{"start":{"line":160,"column":0},"end":{"line":160,"column":9}},"160":{"start":{"line":161,"column":0},"end":{"line":161,"column":5}},"161":{"start":{"line":162,"column":0},"end":{"line":162,"column":8}},"162":{"start":{"line":163,"column":0},"end":{"line":163,"column":44}},"163":{"start":{"line":164,"column":0},"end":{"line":164,"column":4}},"164":{"start":{"line":165,"column":0},"end":{"line":165,"column":135}},"165":{"start":{"line":166,"column":0},"end":{"line":166,"column":56}},"166":{"start":{"line":167,"column":0},"end":{"line":167,"column":3}},"167":{"start":{"line":168,"column":0},"end":{"line":168,"column":0}},"168":{"start":{"line":169,"column":0},"end":{"line":169,"column":105}},"169":{"start":{"line":170,"column":0},"end":{"line":170,"column":32}},"170":{"start":{"line":171,"column":0},"end":{"line":171,"column":135}},"171":{"start":{"line":172,"column":0},"end":{"line":172,"column":1}},"172":{"start":{"line":173,"column":0},"end":{"line":173,"column":0}},"173":{"start":{"line":174,"column":0},"end":{"line":174,"column":35}},"174":{"start":{"line":175,"column":0},"end":{"line":175,"column":34}},"175":{"start":{"line":176,"column":0},"end":{"line":176,"column":28}},"176":{"start":{"line":177,"column":0},"end":{"line":177,"column":41}},"177":{"start":{"line":178,"column":0},"end":{"line":178,"column":7}},"178":{"start":{"line":179,"column":0},"end":{"line":179,"column":0}},"179":{"start":{"line":180,"column":0},"end":{"line":180,"column":28}},"180":{"start":{"line":181,"column":0},"end":{"line":181,"column":1}},"181":{"start":{"line":182,"column":0},"end":{"line":182,"column":0}},"182":{"start":{"line":183,"column":0},"end":{"line":183,"column":35}},"183":{"start":{"line":184,"column":0},"end":{"line":184,"column":42}},"184":{"start":{"line":185,"column":0},"end":{"line":185,"column":1}},"185":{"start":{"line":186,"column":0},"end":{"line":186,"column":0}},"186":{"start":{"line":187,"column":0},"end":{"line":187,"column":39}},"187":{"start":{"line":188,"column":0},"end":{"line":188,"column":54}},"188":{"start":{"line":189,"column":0},"end":{"line":189,"column":1}},"189":{"start":{"line":190,"column":0},"end":{"line":190,"column":0}},"190":{"start":{"line":191,"column":0},"end":{"line":191,"column":28}},"191":{"start":{"line":192,"column":0},"end":{"line":192,"column":27}},"192":{"start":{"line":193,"column":0},"end":{"line":193,"column":1}},"193":{"start":{"line":194,"column":0},"end":{"line":194,"column":0}},"194":{"start":{"line":195,"column":0},"end":{"line":195,"column":24}}},"s":{"0":1,"1":1,"2":1,"3":1,"4":1,"5":1,"6":1,"7":1,"8":1,"9":1,"10":1,"11":1,"12":1,"13":1,"14":1,"15":1,"16":1,"17":1,"18":1,"19":3,"20":3,"21":3,"22":1,"23":1,"24":3,"25":1,"26":1,"27":1,"28":1,"29":1,"30":1,"31":1,"32":1,"33":0,"34":0,"35":0,"36":0,"37":0,"38":0,"39":0,"40":1,"41":1,"42":1,"43":1,"44":1,"45":1,"46":1,"47":0,"48":0,"49":0,"50":0,"51":0,"52":0,"53":0,"54":0,"55":0,"56":0,"57":0,"58":1,"59":1,"60":1,"61":0,"62":1,"63":1,"64":2,"65":2,"66":2,"67":2,"68":2,"69":2,"70":2,"71":2,"72":0,"73":0,"74":0,"75":2,"76":1,"77":1,"78":1,"79":2,"80":1,"81":1,"82":1,"83":0,"84":0,"85":0,"86":0,"87":0,"88":0,"89":0,"90":0,"91":0,"92":0,"93":0,"94":0,"95":0,"96":0,"97":0,"98":0,"99":0,"100":1,"101":1,"102":3,"103":3,"104":3,"105":3,"106":3,"107":3,"108":3,"109":0,"110":0,"111":3,"112":3,"113":0,"114":0,"115":3,"116":3,"117":1,"118":1,"119":2,"120":3,"121":0,"122":0,"123":2,"124":3,"125":0,"126":0,"127":2,"128":2,"129":2,"130":3,"131":1,"132":1,"133":1,"134":3,"135":0,"136":1,"137":1,"138":1,"139":1,"140":1,"141":1,"142":1,"143":1,"144":9,"145":9,"146":9,"147":9,"148":9,"149":9,"150":1,"151":1,"152":1,"153":1,"154":9,"155":11,"156":0,"157":0,"158":0,"159":11,"160":9,"161":1,"162":1,"163":1,"164":1,"165":0,"166":0,"167":1,"168":1,"169":4,"170":4,"171":4,"172":1,"173":0,"174":0,"175":0,"176":0,"177":0,"178":0,"179":0,"180":0,"181":1,"182":0,"183":0,"184":0,"185":1,"186":2,"187":2,"188":2,"189":1,"190":1,"191":1,"192":1,"193":1,"194":1},"branchMap":{"0":{"type":"branch","line":7,"loc":{"start":{"line":7,"column":15},"end":{"line":17,"column":3}},"locations":[{"start":{"line":7,"column":15},"end":{"line":17,"column":3}}]},"1":{"type":"branch","line":9,"loc":{"start":{"line":9,"column":32},"end":{"line":15,"column":7}},"locations":[{"start":{"line":9,"column":32},"end":{"line":15,"column":7}}]},"2":{"type":"branch","line":19,"loc":{"start":{"line":19,"column":27},"end":{"line":40,"column":3}},"locations":[{"start":{"line":19,"column":27},"end":{"line":40,"column":3}}]},"3":{"type":"branch","line":22,"loc":{"start":{"line":22,"column":39},"end":{"line":24,"column":5}},"locations":[{"start":{"line":22,"column":39},"end":{"line":24,"column":5}}]},"4":{"type":"branch","line":25,"loc":{"start":{"line":25,"column":-2},"end":{"line":25,"column":8}},"locations":[{"start":{"line":25,"column":-2},"end":{"line":25,"column":8}}]},"5":{"type":"branch","line":25,"loc":{"start":{"line":25,"column":24},"end":{"line":33,"column":5}},"locations":[{"start":{"line":25,"column":24},"end":{"line":33,"column":5}}]},"6":{"type":"branch","line":34,"loc":{"start":{"line":34,"column":-2},"end":{"line":40,"column":3}},"locations":[{"start":{"line":34,"column":-2},"end":{"line":40,"column":3}}]},"7":{"type":"branch","line":37,"loc":{"start":{"line":37,"column":17},"end":{"line":37,"column":18}},"locations":[{"start":{"line":37,"column":17},"end":{"line":37,"column":18}}]},"8":{"type":"branch","line":42,"loc":{"start":{"line":42,"column":30},"end":{"line":62,"column":3}},"locations":[{"start":{"line":42,"column":30},"end":{"line":62,"column":3}}]},"9":{"type":"branch","line":47,"loc":{"start":{"line":47,"column":23},"end":{"line":58,"column":5}},"locations":[{"start":{"line":47,"column":23},"end":{"line":58,"column":5}}]},"10":{"type":"branch","line":62,"loc":{"start":{"line":62,"column":-2},"end":{"line":62,"column":3}},"locations":[{"start":{"line":62,"column":-2},"end":{"line":62,"column":3}}]},"11":{"type":"branch","line":64,"loc":{"start":{"line":64,"column":16},"end":{"line":100,"column":3}},"locations":[{"start":{"line":64,"column":16},"end":{"line":100,"column":3}}]},"12":{"type":"branch","line":72,"loc":{"start":{"line":72,"column":60},"end":{"line":75,"column":5}},"locations":[{"start":{"line":72,"column":60},"end":{"line":75,"column":5}}]},"13":{"type":"branch","line":76,"loc":{"start":{"line":76,"column":40},"end":{"line":80,"column":9}},"locations":[{"start":{"line":76,"column":40},"end":{"line":80,"column":9}}]},"14":{"type":"branch","line":80,"loc":{"start":{"line":80,"column":8},"end":{"line":80,"column":74}},"locations":[{"start":{"line":80,"column":8},"end":{"line":80,"column":74}}]},"15":{"type":"branch","line":80,"loc":{"start":{"line":80,"column":74},"end":{"line":83,"column":5}},"locations":[{"start":{"line":80,"column":74},"end":{"line":83,"column":5}}]},"16":{"type":"branch","line":84,"loc":{"start":{"line":84,"column":-2},"end":{"line":100,"column":3}},"locations":[{"start":{"line":84,"column":-2},"end":{"line":100,"column":3}}]},"17":{"type":"branch","line":102,"loc":{"start":{"line":102,"column":27},"end":{"line":136,"column":3}},"locations":[{"start":{"line":102,"column":27},"end":{"line":136,"column":3}}]},"18":{"type":"branch","line":109,"loc":{"start":{"line":109,"column":45},"end":{"line":111,"column":2}},"locations":[{"start":{"line":109,"column":45},"end":{"line":111,"column":2}}]},"19":{"type":"branch","line":113,"loc":{"start":{"line":113,"column":34},"end":{"line":115,"column":2}},"locations":[{"start":{"line":113,"column":34},"end":{"line":115,"column":2}}]},"20":{"type":"branch","line":117,"loc":{"start":{"line":117,"column":5},"end":{"line":117,"column":57}},"locations":[{"start":{"line":117,"column":5},"end":{"line":117,"column":57}}]},"21":{"type":"branch","line":117,"loc":{"start":{"line":117,"column":57},"end":{"line":119,"column":5}},"locations":[{"start":{"line":117,"column":57},"end":{"line":119,"column":5}}]},"22":{"type":"branch","line":120,"loc":{"start":{"line":120,"column":-2},"end":{"line":121,"column":8}},"locations":[{"start":{"line":120,"column":-2},"end":{"line":121,"column":8}}]},"23":{"type":"branch","line":121,"loc":{"start":{"line":121,"column":40},"end":{"line":123,"column":5}},"locations":[{"start":{"line":121,"column":40},"end":{"line":123,"column":5}}]},"24":{"type":"branch","line":124,"loc":{"start":{"line":124,"column":-2},"end":{"line":125,"column":74}},"locations":[{"start":{"line":124,"column":-2},"end":{"line":125,"column":74}}]},"25":{"type":"branch","line":125,"loc":{"start":{"line":125,"column":74},"end":{"line":127,"column":5}},"locations":[{"start":{"line":125,"column":74},"end":{"line":127,"column":5}}]},"26":{"type":"branch","line":128,"loc":{"start":{"line":128,"column":-2},"end":{"line":131,"column":4}},"locations":[{"start":{"line":128,"column":-2},"end":{"line":131,"column":4}}]},"27":{"type":"branch","line":131,"loc":{"start":{"line":131,"column":23},"end":{"line":135,"column":8}},"locations":[{"start":{"line":131,"column":23},"end":{"line":135,"column":8}}]},"28":{"type":"branch","line":135,"loc":{"start":{"line":135,"column":1},"end":{"line":136,"column":3}},"locations":[{"start":{"line":135,"column":1},"end":{"line":136,"column":3}}]},"29":{"type":"branch","line":129,"loc":{"start":{"line":129,"column":137},"end":{"line":129,"column":197}},"locations":[{"start":{"line":129,"column":137},"end":{"line":129,"column":197}}]},"30":{"type":"branch","line":129,"loc":{"start":{"line":129,"column":159},"end":{"line":129,"column":195}},"locations":[{"start":{"line":129,"column":159},"end":{"line":129,"column":195}}]},"31":{"type":"branch","line":138,"loc":{"start":{"line":138,"column":33},"end":{"line":167,"column":3}},"locations":[{"start":{"line":138,"column":33},"end":{"line":167,"column":3}}]},"32":{"type":"branch","line":154,"loc":{"start":{"line":154,"column":43},"end":{"line":161,"column":5}},"locations":[{"start":{"line":154,"column":43},"end":{"line":161,"column":5}}]},"33":{"type":"branch","line":155,"loc":{"start":{"line":155,"column":60},"end":{"line":160,"column":9}},"locations":[{"start":{"line":155,"column":60},"end":{"line":160,"column":9}}]},"34":{"type":"branch","line":156,"loc":{"start":{"line":156,"column":51},"end":{"line":159,"column":14}},"locations":[{"start":{"line":156,"column":51},"end":{"line":159,"column":14}}]},"35":{"type":"branch","line":165,"loc":{"start":{"line":165,"column":4},"end":{"line":167,"column":3}},"locations":[{"start":{"line":165,"column":4},"end":{"line":167,"column":3}}]},"36":{"type":"branch","line":144,"loc":{"start":{"line":144,"column":22},"end":{"line":150,"column":7}},"locations":[{"start":{"line":144,"column":22},"end":{"line":150,"column":7}}]},"37":{"type":"branch","line":170,"loc":{"start":{"line":170,"column":0},"end":{"line":172,"column":1}},"locations":[{"start":{"line":170,"column":0},"end":{"line":172,"column":1}}]},"38":{"type":"branch","line":187,"loc":{"start":{"line":187,"column":0},"end":{"line":189,"column":1}},"locations":[{"start":{"line":187,"column":0},"end":{"line":189,"column":1}}]},"39":{"type":"branch","line":191,"loc":{"start":{"line":191,"column":0},"end":{"line":193,"column":1}},"locations":[{"start":{"line":191,"column":0},"end":{"line":193,"column":1}}]}},"b":{"0":[1],"1":[1],"2":[3],"3":[1],"4":[2],"5":[1],"6":[0],"7":[0],"8":[1],"9":[0],"10":[0],"11":[2],"12":[0],"13":[1],"14":[0],"15":[1],"16":[0],"17":[3],"18":[0],"19":[0],"20":[2],"21":[1],"22":[2],"23":[0],"24":[2],"25":[0],"26":[2],"27":[1],"28":[0],"29":[2],"30":[0],"31":[1],"32":[9],"33":[11],"34":[0],"35":[0],"36":[9],"37":[4],"38":[2],"39":[1]},"fnMap":{"0":{"name":"hasOnlyLetters","decl":{"start":{"line":170,"column":0},"end":{"line":172,"column":1}},"loc":{"start":{"line":170,"column":0},"end":{"line":172,"column":1}},"line":170},"1":{"name":"insertInterest","decl":{"start":{"line":174,"column":0},"end":{"line":181,"column":1}},"loc":{"start":{"line":174,"column":0},"end":{"line":181,"column":1}},"line":174},"2":{"name":"findInterestByName","decl":{"start":{"line":183,"column":0},"end":{"line":185,"column":1}},"loc":{"start":{"line":183,"column":0},"end":{"line":185,"column":1}},"line":183},"3":{"name":"findInterestById","decl":{"start":{"line":187,"column":0},"end":{"line":189,"column":1}},"loc":{"start":{"line":187,"column":0},"end":{"line":189,"column":1}},"line":187},"4":{"name":"getAllInterests","decl":{"start":{"line":191,"column":0},"end":{"line":193,"column":1}},"loc":{"start":{"line":191,"column":0},"end":{"line":193,"column":1}},"line":191}},"f":{"0":4,"1":0,"2":0,"3":2,"4":1}}
,"C:\\Users\\Leonardo\\Desktop\\Light-a-Match_ID-20\\lib\\users.js": {"path":"C:\\Users\\Leonardo\\Desktop\\Light-a-Match_ID-20\\lib\\users.js","all":false,"statementMap":{"0":{"start":{"line":1,"column":0},"end":{"line":1,"column":35}},"1":{"start":{"line":2,"column":0},"end":{"line":2,"column":32}},"2":{"start":{"line":3,"column":0},"end":{"line":3,"column":33}},"3":{"start":{"line":4,"column":0},"end":{"line":4,"column":49}},"4":{"start":{"line":5,"column":0},"end":{"line":5,"column":41}},"5":{"start":{"line":6,"column":0},"end":{"line":6,"column":0}},"6":{"start":{"line":7,"column":0},"end":{"line":7,"column":43}},"7":{"start":{"line":8,"column":0},"end":{"line":8,"column":4}},"8":{"start":{"line":9,"column":0},"end":{"line":9,"column":78}},"9":{"start":{"line":10,"column":0},"end":{"line":10,"column":98}},"10":{"start":{"line":11,"column":0},"end":{"line":11,"column":81}},"11":{"start":{"line":12,"column":0},"end":{"line":12,"column":82}},"12":{"start":{"line":13,"column":0},"end":{"line":13,"column":112}},"13":{"start":{"line":14,"column":0},"end":{"line":14,"column":34}},"14":{"start":{"line":15,"column":0},"end":{"line":15,"column":91}},"15":{"start":{"line":16,"column":0},"end":{"line":16,"column":76}},"16":{"start":{"line":17,"column":0},"end":{"line":17,"column":4}},"17":{"start":{"line":18,"column":0},"end":{"line":18,"column":4}},"18":{"start":{"line":19,"column":0},"end":{"line":19,"column":120}},"19":{"start":{"line":20,"column":0},"end":{"line":20,"column":105}},"20":{"start":{"line":21,"column":0},"end":{"line":21,"column":138}},"21":{"start":{"line":22,"column":0},"end":{"line":22,"column":15}},"22":{"start":{"line":23,"column":0},"end":{"line":23,"column":5}},"23":{"start":{"line":24,"column":0},"end":{"line":24,"column":4}},"24":{"start":{"line":25,"column":0},"end":{"line":25,"column":109}},"25":{"start":{"line":26,"column":0},"end":{"line":26,"column":129}},"26":{"start":{"line":27,"column":0},"end":{"line":27,"column":148}},"27":{"start":{"line":28,"column":0},"end":{"line":28,"column":15}},"28":{"start":{"line":29,"column":0},"end":{"line":29,"column":5}},"29":{"start":{"line":30,"column":0},"end":{"line":30,"column":4}},"30":{"start":{"line":31,"column":0},"end":{"line":31,"column":161}},"31":{"start":{"line":32,"column":0},"end":{"line":32,"column":103}},"32":{"start":{"line":33,"column":0},"end":{"line":33,"column":122}},"33":{"start":{"line":34,"column":0},"end":{"line":34,"column":15}},"34":{"start":{"line":35,"column":0},"end":{"line":35,"column":5}},"35":{"start":{"line":36,"column":0},"end":{"line":36,"column":4}},"36":{"start":{"line":37,"column":0},"end":{"line":37,"column":161}},"37":{"start":{"line":38,"column":0},"end":{"line":38,"column":104}},"38":{"start":{"line":39,"column":0},"end":{"line":39,"column":123}},"39":{"start":{"line":40,"column":0},"end":{"line":40,"column":15}},"40":{"start":{"line":41,"column":0},"end":{"line":41,"column":5}},"41":{"start":{"line":42,"column":0},"end":{"line":42,"column":4}},"42":{"start":{"line":43,"column":0},"end":{"line":43,"column":77}},"43":{"start":{"line":44,"column":0},"end":{"line":44,"column":26}},"44":{"start":{"line":45,"column":0},"end":{"line":45,"column":100}},"45":{"start":{"line":46,"column":0},"end":{"line":46,"column":120}},"46":{"start":{"line":47,"column":0},"end":{"line":47,"column":9}},"47":{"start":{"line":48,"column":0},"end":{"line":48,"column":39}},"48":{"start":{"line":49,"column":0},"end":{"line":49,"column":108}},"49":{"start":{"line":50,"column":0},"end":{"line":50,"column":128}},"50":{"start":{"line":51,"column":0},"end":{"line":51,"column":9}},"51":{"start":{"line":52,"column":0},"end":{"line":52,"column":39}},"52":{"start":{"line":53,"column":0},"end":{"line":53,"column":109}},"53":{"start":{"line":54,"column":0},"end":{"line":54,"column":129}},"54":{"start":{"line":55,"column":0},"end":{"line":55,"column":9}},"55":{"start":{"line":56,"column":0},"end":{"line":56,"column":5}},"56":{"start":{"line":57,"column":0},"end":{"line":57,"column":4}},"57":{"start":{"line":58,"column":0},"end":{"line":58,"column":71}},"58":{"start":{"line":59,"column":0},"end":{"line":59,"column":123}},"59":{"start":{"line":60,"column":0},"end":{"line":60,"column":142}},"60":{"start":{"line":61,"column":0},"end":{"line":61,"column":15}},"61":{"start":{"line":62,"column":0},"end":{"line":62,"column":5}},"62":{"start":{"line":63,"column":0},"end":{"line":63,"column":0}},"63":{"start":{"line":64,"column":0},"end":{"line":64,"column":160}},"64":{"start":{"line":65,"column":0},"end":{"line":65,"column":72}},"65":{"start":{"line":66,"column":0},"end":{"line":66,"column":5}},"66":{"start":{"line":67,"column":0},"end":{"line":67,"column":58}},"67":{"start":{"line":68,"column":0},"end":{"line":68,"column":29}},"68":{"start":{"line":69,"column":0},"end":{"line":69,"column":5}},"69":{"start":{"line":70,"column":0},"end":{"line":70,"column":4}},"70":{"start":{"line":71,"column":0},"end":{"line":71,"column":245}},"71":{"start":{"line":72,"column":0},"end":{"line":72,"column":84}},"72":{"start":{"line":73,"column":0},"end":{"line":73,"column":250}},"73":{"start":{"line":74,"column":0},"end":{"line":74,"column":8}},"74":{"start":{"line":75,"column":0},"end":{"line":75,"column":39}},"75":{"start":{"line":76,"column":0},"end":{"line":76,"column":39}},"76":{"start":{"line":77,"column":0},"end":{"line":77,"column":10}},"77":{"start":{"line":78,"column":0},"end":{"line":78,"column":8}},"78":{"start":{"line":79,"column":0},"end":{"line":79,"column":43}},"79":{"start":{"line":80,"column":0},"end":{"line":80,"column":45}},"80":{"start":{"line":81,"column":0},"end":{"line":81,"column":10}},"81":{"start":{"line":82,"column":0},"end":{"line":82,"column":8}},"82":{"start":{"line":83,"column":0},"end":{"line":83,"column":37}},"83":{"start":{"line":84,"column":0},"end":{"line":84,"column":24}},"84":{"start":{"line":85,"column":0},"end":{"line":85,"column":9}},"85":{"start":{"line":86,"column":0},"end":{"line":86,"column":0}},"86":{"start":{"line":87,"column":0},"end":{"line":87,"column":37}},"87":{"start":{"line":88,"column":0},"end":{"line":88,"column":24}},"88":{"start":{"line":89,"column":0},"end":{"line":89,"column":9}},"89":{"start":{"line":90,"column":0},"end":{"line":90,"column":0}},"90":{"start":{"line":91,"column":0},"end":{"line":91,"column":170}},"91":{"start":{"line":92,"column":0},"end":{"line":92,"column":0}},"92":{"start":{"line":93,"column":0},"end":{"line":93,"column":118}},"93":{"start":{"line":94,"column":0},"end":{"line":94,"column":170}},"94":{"start":{"line":95,"column":0},"end":{"line":95,"column":5}},"95":{"start":{"line":96,"column":0},"end":{"line":96,"column":0}},"96":{"start":{"line":97,"column":0},"end":{"line":97,"column":31}},"97":{"start":{"line":98,"column":0},"end":{"line":98,"column":16}},"98":{"start":{"line":99,"column":0},"end":{"line":99,"column":28}},"99":{"start":{"line":100,"column":0},"end":{"line":100,"column":34}},"100":{"start":{"line":101,"column":0},"end":{"line":101,"column":32}},"101":{"start":{"line":102,"column":0},"end":{"line":102,"column":26}},"102":{"start":{"line":103,"column":0},"end":{"line":103,"column":50}},"103":{"start":{"line":104,"column":0},"end":{"line":104,"column":36}},"104":{"start":{"line":105,"column":0},"end":{"line":105,"column":26}},"105":{"start":{"line":106,"column":0},"end":{"line":106,"column":38}},"106":{"start":{"line":107,"column":0},"end":{"line":107,"column":45}},"107":{"start":{"line":108,"column":0},"end":{"line":108,"column":9}},"108":{"start":{"line":109,"column":0},"end":{"line":109,"column":7}},"109":{"start":{"line":110,"column":0},"end":{"line":110,"column":4}},"110":{"start":{"line":111,"column":0},"end":{"line":111,"column":90}},"111":{"start":{"line":112,"column":0},"end":{"line":112,"column":127}},"112":{"start":{"line":113,"column":0},"end":{"line":113,"column":82}},"113":{"start":{"line":114,"column":0},"end":{"line":114,"column":102}},"114":{"start":{"line":115,"column":0},"end":{"line":115,"column":10}},"115":{"start":{"line":116,"column":0},"end":{"line"
[...]
55,"column":9}}]},"140":{"type":"branch","line":455,"loc":{"start":{"line":455,"column":7},"end":{"line":455,"column":53}},"locations":[{"start":{"line":455,"column":7},"end":{"line":455,"column":53}}]},"141":{"type":"branch","line":455,"loc":{"start":{"line":455,"column":7},"end":{"line":455,"column":87}},"locations":[{"start":{"line":455,"column":7},"end":{"line":455,"column":87}}]},"142":{"type":"branch","line":455,"loc":{"start":{"line":455,"column":117},"end":{"line":459,"column":5}},"locations":[{"start":{"line":455,"column":117},"end":{"line":459,"column":5}}]},"143":{"type":"branch","line":460,"loc":{"start":{"line":460,"column":-2},"end":{"line":461,"column":7}},"locations":[{"start":{"line":460,"column":-2},"end":{"line":461,"column":7}}]},"144":{"type":"branch","line":461,"loc":{"start":{"line":461,"column":21},"end":{"line":487,"column":9}},"locations":[{"start":{"line":461,"column":21},"end":{"line":487,"column":9}}]},"145":{"type":"branch","line":487,"loc":{"start":{"line":487,"column":5},"end":{"line":515,"column":7}},"locations":[{"start":{"line":487,"column":5},"end":{"line":515,"column":7}}]},"146":{"type":"branch","line":488,"loc":{"start":{"line":488,"column":37},"end":{"line":509,"column":13}},"locations":[{"start":{"line":488,"column":37},"end":{"line":509,"column":13}}]},"147":{"type":"branch","line":515,"loc":{"start":{"line":515,"column":19},"end":{"line":541,"column":9}},"locations":[{"start":{"line":515,"column":19},"end":{"line":541,"column":9}}]},"148":{"type":"branch","line":541,"loc":{"start":{"line":541,"column":5},"end":{"line":570,"column":7}},"locations":[{"start":{"line":541,"column":5},"end":{"line":570,"column":7}}]},"149":{"type":"branch","line":542,"loc":{"start":{"line":542,"column":35},"end":{"line":563,"column":13}},"locations":[{"start":{"line":542,"column":35},"end":{"line":563,"column":13}}]},"150":{"type":"branch","line":570,"loc":{"start":{"line":570,"column":18},"end":{"line":601,"column":9}},"locations":[{"start":{"line":570,"column":18},"end":{"line":601,"column":9}}]},"151":{"type":"branch","line":601,"loc":{"start":{"line":601,"column":5},"end":{"line":661,"column":8}},"locations":[{"start":{"line":601,"column":5},"end":{"line":661,"column":8}}]},"152":{"type":"branch","line":602,"loc":{"start":{"line":602,"column":32},"end":{"line":613,"column":13}},"locations":[{"start":{"line":602,"column":32},"end":{"line":613,"column":13}}]},"153":{"type":"branch","line":617,"loc":{"start":{"line":617,"column":36},"end":{"line":629,"column":13}},"locations":[{"start":{"line":617,"column":36},"end":{"line":629,"column":13}}]},"154":{"type":"branch","line":661,"loc":{"start":{"line":661,"column":22},"end":{"line":661,"column":29}},"locations":[{"start":{"line":661,"column":22},"end":{"line":661,"column":29}}]},"155":{"type":"branch","line":661,"loc":{"start":{"line":661,"column":50},"end":{"line":666,"column":3}},"locations":[{"start":{"line":661,"column":50},"end":{"line":666,"column":3}}]},"156":{"type":"branch","line":355,"loc":{"start":{"line":355,"column":8},"end":{"line":357,"column":11}},"locations":[{"start":{"line":355,"column":8},"end":{"line":357,"column":11}}]},"157":{"type":"branch","line":356,"loc":{"start":{"line":356,"column":21},"end":{"line":356,"column":28}},"locations":[{"start":{"line":356,"column":21},"end":{"line":356,"column":28}}]},"158":{"type":"branch","line":656,"loc":{"start":{"line":656,"column":4},"end":{"line":658,"column":5}},"locations":[{"start":{"line":656,"column":4},"end":{"line":658,"column":5}}]},"159":{"type":"branch","line":657,"loc":{"start":{"line":657,"column":15},"end":{"line":657,"column":22}},"locations":[{"start":{"line":657,"column":15},"end":{"line":657,"column":22}}]},"160":{"type":"branch","line":669,"loc":{"start":{"line":669,"column":26},"end":{"line":698,"column":3}},"locations":[{"start":{"line":669,"column":26},"end":{"line":698,"column":3}}]},"161":{"type":"branch","line":674,"loc":{"start":{"line":674,"column":41},"end":{"line":677,"column":6}},"locations":[{"start":{"line":674,"column":41},"end":{"line":677,"column":6}}]},"162":{"type":"branch","line":677,"loc":{"start":{"line":677,"column":5},"end":{"line":678,"column":8}},"locations":[{"start":{"line":677,"column":5},"end":{"line":678,"column":8}}]},"163":{"type":"branch","line":678,"loc":{"start":{"line":678,"column":26},"end":{"line":681,"column":5}},"locations":[{"start":{"line":678,"column":26},"end":{"line":681,"column":5}}]},"164":{"type":"branch","line":682,"loc":{"start":{"line":682,"column":-2},"end":{"line":685,"column":7}},"locations":[{"start":{"line":682,"column":-2},"end":{"line":685,"column":7}}]},"165":{"type":"branch","line":685,"loc":{"start":{"line":685,"column":19},"end":{"line":696,"column":5}},"locations":[{"start":{"line":685,"column":19},"end":{"line":696,"column":5}}]},"166":{"type":"branch","line":697,"loc":{"start":{"line":697,"column":-2},"end":{"line":697,"column":16}},"locations":[{"start":{"line":697,"column":-2},"end":{"line":697,"column":16}}]},"167":{"type":"branch","line":697,"loc":{"start":{"line":697,"column":9},"end":{"line":698,"column":3}},"locations":[{"start":{"line":697,"column":9},"end":{"line":698,"column":3}}]},"168":{"type":"branch","line":702,"loc":{"start":{"line":702,"column":0},"end":{"line":706,"column":1}},"locations":[{"start":{"line":702,"column":0},"end":{"line":706,"column":1}}]},"169":{"type":"branch","line":732,"loc":{"start":{"line":732,"column":0},"end":{"line":777,"column":1}},"locations":[{"start":{"line":732,"column":0},"end":{"line":777,"column":1}}]},"170":{"type":"branch","line":746,"loc":{"start":{"line":746,"column":17},"end":{"line":748,"column":3}},"locations":[{"start":{"line":746,"column":17},"end":{"line":748,"column":3}}]},"171":{"type":"branch","line":749,"loc":{"start":{"line":749,"column":-2},"end":{"line":750,"column":5}},"locations":[{"start":{"line":749,"column":-2},"end":{"line":750,"column":5}}]},"172":{"type":"branch","line":750,"loc":{"start":{"line":750,"column":32},"end":{"line":754,"column":3}},"locations":[{"start":{"line":750,"column":32},"end":{"line":754,"column":3}}]},"173":{"type":"branch","line":755,"loc":{"start":{"line":755,"column":-2},"end":{"line":769,"column":3}},"locations":[{"start":{"line":755,"column":-2},"end":{"line":769,"column":3}}]},"174":{"type":"branch","line":757,"loc":{"start":{"line":757,"column":7},"end":{"line":757,"column":170}},"locations":[{"start":{"line":757,"column":7},"end":{"line":757,"column":170}}]},"175":{"type":"branch","line":757,"loc":{"start":{"line":757,"column":170},"end":{"line":759,"column":5}},"locations":[{"start":{"line":757,"column":170},"end":{"line":759,"column":5}}]},"176":{"type":"branch","line":760,"loc":{"start":{"line":760,"column":-2},"end":{"line":766,"column":40}},"locations":[{"start":{"line":760,"column":-2},"end":{"line":766,"column":40}}]},"177":{"type":"branch","line":766,"loc":{"start":{"line":766,"column":7},"end":{"line":766,"column":68}},"locations":[{"start":{"line":766,"column":7},"end":{"line":766,"column":68}}]},"178":{"type":"branch","line":766,"loc":{"start":{"line":766,"column":86},"end":{"line":768,"column":5}},"locations":[{"start":{"line":766,"column":86},"end":{"line":768,"column":5}}]},"179":{"type":"branch","line":770,"loc":{"start":{"line":770,"column":-2},"end":{"line":773,"column":7}},"locations":[{"start":{"line":770,"column":-2},"end":{"line":773,"column":7}}]},"180":{"type":"branch","line":773,"loc":{"start":{"line":773,"column":35},"end":{"line":773,"column":45}},"locations":[{"start":{"line":773,"column":35},"end":{"line":773,"column":45}}]},"181":{"type":"branch","line":774,"loc":{"start":{"line":774,"column":-2},"end":{"line":774,"column":7}},"locations":[{"start":{"line":774,"column":-2},"end":{"line":774,"column":7}}]},"182":{"type":"branch","line":774,"loc":{"start":{"line":774,"column":6},"end":{"line":774,"column":62}},"locations":[{"start":{"line":774,"column":6},"end":{"line":774,"column":62}}]},"183":{"type":"branch","line":774,"loc":{"start":{"line":774,"column":62},"end":{"line":774,"column":72}},"locations":[{"start":{"line":774,"column":62},"end":{"line":774,"column":72}}]},"184":{"type":"branch","line":775,"loc":{"start":{"line":775,"column":-2},"end":{"line":777,"column":1}},"locations":[{"start":{"line":775,"column":-2},"end":{"line":777,"column":1}}]},"185":{"type":"branch","line":780,"loc":{"start":{"line":780,"column":0},"end":{"line":782,"column":1}},"locations":[{"start":{"line":780,"column":0},"end":{"line":782,"column":1}}]},"186":{"type":"branch","line":785,"loc":{"start":{"line":785,"column":0},"end":{"line":787,"column":1}},"locations":[{"start":{"line":785,"column":0},"end":{"line":787,"column":1}}]},"187":{"type":"branch","line":798,"loc":{"start":{"line":798,"column":0},"end":{"line":808,"column":1}},"locations":[{"start":{"line":798,"column":0},"end":{"line":808,"column":1}}]},"188":{"type":"branch","line":803,"loc":{"start":{"line":803,"column":-2},"end":{"line":806,"column":5}},"locations":[{"start":{"line":803,"column":-2},"end":{"line":806,"column":5}}]},"189":{"type":"branch","line":810,"loc":{"start":{"line":810,"column":0},"end":{"line":826,"column":1}},"locations":[{"start":{"line":810,"column":0},"end":{"line":826,"column":1}}]},"190":{"type":"branch","line":828,"loc":{"start":{"line":828,"column":0},"end":{"line":836,"column":1}},"locations":[{"start":{"line":828,"column":0},"end":{"line":836,"column":1}}]},"191":{"type":"branch","line":832,"loc":{"start":{"line":832,"column":-2},"end":{"line":835,"column":5}},"locations":[{"start":{"line":832,"column":-2},"end":{"line":835,"column":5}}]}},"b":{"0":[5],"1":[3],"2":[3],"3":[1],"4":[1],"5":[4],"6":[1],"7":[1],"8":[1],"9":[3],"10":[2],"11":[0],"12":[1],"13":[2],"14":[0],"15":[0],"16":[2],"17":[0],"18":[0],"19":[0],"20":[2],"21":[1],"22":[1],"23":[0],"24":[1],"25":[0],"26":[0],"27":[0],"28":[0],"29":[1],"30":[0],"31":[0],"32":[0],"33":[0],"34":[0],"35":[1],"36":[0],"37":[1],"38":[0],"39":[1],"40":[0],"41":[0],"42":[0],"43":[9],"44":[3],"45":[1],"46":[2],"47":[1],"48":[0],"49":[0],"50":[19],"51":[17],"52":[2],"53":[17],"54":[2],"55":[15],"56":[14],"57":[1],"58":[14],"59":[1],"60":[13],"61":[12],"62":[1],"63":[12],"64":[1],"65":[11],"66":[10],"67":[10],"68":[3],"69":[8],"70":[7],"71":[7],"72":[2],"73":[6],"74":[1],"75":[5],"76":[0],"77":[5],"78":[4],"79":[1],"80":[4],"81":[1],"82":[1],"83":[1],"84":[3],"85":[2],"86":[1],"87":[2],"88":[1],"89":[1],"90":[0],"91":[1],"92":[0],"93":[1],"94":[0],"95":[6],"96":[1],"97":[5],"98":[0],"99":[5],"100":[0],"101":[5],"102":[1],"103":[4],"104":[5],"105":[0],"106":[5],"107":[3],"108":[2],"109":[5],"110":[0],"111":[5],"112":[0],"113":[5],"114":[0],"115":[5],"116":[0],"117":[5],"118":[1],"119":[4],"120":[5],"121":[0],"122":[5],"123":[0],"124":[5],"125":[0],"126":[5],"127":[1],"128":[4],"129":[1],"130":[3],"131":[1],"132":[2],"133":[0],"134":[0],"135":[0],"136":[2],"137":[0],"138":[0],"139":[2],"140":[0],"141":[0],"142":[0],"143":[2],"144":[0],"145":[2],"146":[0],"147":[0],"148":[2],"149":[0],"150":[0],"151":[2],"152":[0],"153":[0],"154":[0],"155":[2],"156":[6],"157":[0],"158":[2],"159":[0],"160":[4],"161":[1],"162":[3],"163":[1],"164":[2],"165":[0],"166":[2],"167":[0],"168":[12],"169":[26],"170":[2],"171":[24],"172":[4],"173":[20],"174":[18],"175":[2],"176":[18],"177":[18],"178":[0],"179":[22],"180":[1],"181":[22],"182":[2],"183":[0],"184":[22],"185":[41],"186":[60],"187":[1],"188":[0],"189":[1],"190":[3],"191":[0]},"fnMap":{"0":{"name":"checkIfEmailInString","decl":{"start":{"line":702,"column":0},"end":{"line":706,"column":1}},"loc":{"start":{"line":702,"column":0},"end":{"line":706,"column":1}},"line":702},"1":{"name":"ageCheck","decl":{"start":{"line":709,"column":0},"end":{"line":729,"column":1}},"loc":{"start":{"line":709,"column":0},"end":{"line":729,"column":1}},"line":709},"2":{"name":"getAge","decl":{"start":{"line":732,"column":0},"end":{"line":777,"column":1}},"loc":{"start":{"line":732,"column":0},"end":{"line":777,"column":1}},"line":732},"3":{"name":"hasOnlyLetters","decl":{"start":{"line":780,"column":0},"end":{"line":782,"column":1}},"loc":{"start":{"line":780,"column":0},"end":{"line":782,"column":1}},"line":780},"4":{"name":"hasOnlyNumbers","decl":{"start":{"line":785,"column":0},"end":{"line":787,"column":1}},"loc":{"start":{"line":785,"column":0},"end":{"line":787,"column":1}},"line":785},"5":{"name":"checkInArray","decl":{"start":{"line":789,"column":0},"end":{"line":796,"column":1}},"loc":{"start":{"line":789,"column":0},"end":{"line":796,"column":1}},"line":789},"6":{"name":"findByEmail","decl":{"start":{"line":798,"column":0},"end":{"line":808,"column":1}},"loc":{"start":{"line":798,"column":0},"end":{"line":808,"column":1}},"line":798},"7":{"name":"insert","decl":{"start":{"line":810,"column":0},"end":{"line":826,"column":1}},"loc":{"start":{"line":810,"column":0},"end":{"line":826,"column":1}},"line":810},"8":{"name":"findById","decl":{"start":{"line":828,"column":0},"end":{"line":836,"column":1}},"loc":{"start":{"line":828,"column":0},"end":{"line":836,"column":1}},"line":828},"9":{"name":"checkPassword","decl":{"start":{"line":838,"column":0},"end":{"line":847,"column":1}},"loc":{"start":{"line":838,"column":0},"end":{"line":847,"column":1}},"line":838},"10":{"name":"getUser","decl":{"start":{"line":849,"column":0},"end":{"line":852,"column":1}},"loc":{"start":{"line":849,"column":0},"end":{"line":852,"column":1}},"line":849}},"f":{"0":12,"1":0,"2":26,"3":41,"4":60,"5":0,"6":1,"7":1,"8":3,"9":0,"10":0}}
,"C:\\Users\\Leonardo\\Desktop\\Light-a-Match_ID-20\\lib\\db\\db.js": {"path":"C:\\Users\\Leonardo\\Desktop\\Light-a-Match_ID-20\\lib\\db\\db.js","all":false,"statementMap":{"0":{"start":{"line":1,"column":0},"end":{"line":1,"column":37}},"1":{"start":{"line":2,"column":0},"end":{"line":2,"column":0}},"2":{"start":{"line":3,"column":0},"end":{"line":3,"column":39}},"3":{"start":{"line":4,"column":0},"end":{"line":4,"column":47}},"4":{"start":{"line":5,"column":0},"end":{"line":5,"column":0}},"5":{"start":{"line":6,"column":0},"end":{"line":6,"column":0}},"6":{"start":{"line":7,"column":0},"end":{"line":7,"column":29}},"7":{"start":{"line":8,"column":0},"end":{"line":8,"column":47}},"8":{"start":{"line":9,"column":0},"end":{"line":9,"column":0}},"9":{"start":{"line":10,"column":0},"end":{"line":10,"column":31}},"10":{"start":{"line":11,"column":0},"end":{"line":11,"column":65}},"11":{"start":{"line":12,"column":0},"end":{"line":12,"column":30}},"12":{"start":{"line":13,"column":0},"end":{"line":13,"column":71}},"13":{"start":{"line":14,"column":0},"end":{"line":14,"column":5}}},"s":{"0":1,"1":1,"2":1,"3":1,"4":1,"5":1,"6":1,"7":1,"8":1,"9":1,"10":1,"11":1,"12":1,"13":1},"branchMap":{},"b":{},"fnMap":{},"f":{}}
,"C:\\Users\\Leonardo\\Desktop\\Light-a-Match_ID-20\\lib\\models\\chat.js": {"path":"C:\\Users\\Leonardo\\Desktop\\Light-a-Match_ID-20\\lib\\models\\chat.js","all":false,"statementMap":{"0":{"start":{"line":1,"column":0},"end":{"line":1,"column":37}},"1":{"start":{"line":2,"column":0},"end":{"line":2,"column":61}},"2":{"start":{"line":3,"column":0},"end":{"line":3,"column":0}},"3":{"start":{"line":4,"column":0},"end":{"line":4,"column":28}},"4":{"start":{"line":5,"column":0},"end":{"line":5,"column":0}},"5":{"start":{"line":6,"column":0},"end":{"line":6,"column":31}},"6":{"start":{"line":7,"column":0},"end":{"line":7,"column":23}},"7":{"start":{"line":8,"column":0},"end":{"line":8,"column":23}},"8":{"start":{"line":9,"column":0},"end":{"line":9,"column":35}},"9":{"start":{"line":10,"column":0},"end":{"line":10,"column":32}},"10":{"start":{"line":11,"column":0},"end":{"line":11,"column":31}},"11":{"start":{"line":12,"column":0},"end":{"line":12,"column":38}},"12":{"start":{"line":13,"column":0},"end":{"line":13,"column":32}},"13":{"start":{"line":14,"column":0},"end":{"line":14,"column":30}},"14":{"start":{"line":15,"column":0},"end":{"line":15,"column":3}},"15":{"start":{"line":16,"column":0},"end":{"line":16,"column":0}},"16":{"start":{"line":17,"column":0},"end":{"line":17,"column":56}},"17":{"start":{"line":18,"column":0},"end":{"line":18,"column":52}}},"s":{"0":1,"1":1,"2":1,"3":1,"4":1,"5":1,"6":1,"7":1,"8":1,"9":1,"10":1,"11":1,"12":1,"13":1,"14":1,"15":1,"16":1,"17":1},"branchMap":{},"b":{},"fnMap":{},"f":{}}
,"C:\\Users\\Leonardo\\Desktop\\Light-a-Match_ID-20\\lib\\models\\interest.js": {"path":"C:\\Users\\Leonardo\\Desktop\\Light-a-Match_ID-20\\lib\\models\\interest.js","all":false,"statementMap":{"0":{"start":{"line":1,"column":0},"end":{"line":1,"column":37}},"1":{"start":{"line":2,"column":0},"end":{"line":2,"column":61}},"2":{"start":{"line":3,"column":0},"end":{"line":3,"column":0}},"3":{"start":{"line":4,"column":0},"end":{"line":4,"column":28}},"4":{"start":{"line":5,"column":0},"end":{"line":5,"column":0}},"5":{"start":{"line":6,"column":0},"end":{"line":6,"column":35}},"6":{"start":{"line":7,"column":0},"end":{"line":7,"column":18}},"7":{"start":{"line":8,"column":0},"end":{"line":8,"column":24}},"8":{"start":{"line":9,"column":0},"end":{"line":9,"column":5}},"9":{"start":{"line":10,"column":0},"end":{"line":10,"column":0}},"10":{"start":{"line":11,"column":0},"end":{"line":11,"column":64}},"11":{"start":{"line":12,"column":0},"end":{"line":12,"column":26}},"12":{"start":{"line":13,"column":0},"end":{"line":13,"column":59}}},"s":{"0":1,"1":1,"2":1,"3":1,"4":1,"5":1,"6":1,"7":1,"8":1,"9":1,"10":1,"11":1,"12":1},"branchMap":{},"b":{},"fnMap":{},"f":{}}
,"C:\\Users\\Leonardo\\Desktop\\Light-a-Match_ID-20\\lib\\models\\user.js": {"path":"C:\\Users\\Leonardo\\Desktop\\Light-a-Match_ID-20\\lib\\models\\user.js","all":false,"statementMap":{"0":{"start":{"line":1,"column":0},"end":{"line":1,"column":37}},"1":{"start":{"line":2,"column":0},"end":{"line":2,"column":61}},"2":{"start":{"line":3,"column":0},"end":{"line":3,"column":0}},"3":{"start":{"line":4,"column":0},"end":{"line":4,"column":28}},"4":{"start":{"line":5,"column":0},"end":{"line":5,"column":0}},"5":{"start":{"line":6,"column":0},"end":{"line":6,"column":31}},"6":{"start":{"line":7,"column":0},"end":{"line":7,"column":18}},"7":{"start":{"line":8,"column":0},"end":{"line":8,"column":20}},"8":{"start":{"line":9,"column":0},"end":{"line":9,"column":22}},"9":{"start":{"line":10,"column":0},"end":{"line":10,"column":20}},"10":{"start":{"line":11,"column":0},"end":{"line":11,"column":21}},"11":{"start":{"line":12,"column":0},"end":{"line":12,"column":19}},"12":{"start":{"line":13,"column":0},"end":{"line":13,"column":16}},"13":{"start":{"line":14,"column":0},"end":{"line":14,"column":16}},"14":{"start":{"line":15,"column":0},"end":{"line":15,"column":28}},"15":{"start":{"line":16,"column":0},"end":{"line":16,"column":27}},"16":{"start":{"line":17,"column":0},"end":{"line":17,"column":16}},"17":{"start":{"line":18,"column":0},"end":{"line":18,"column":24}},"18":{"start":{"line":19,"column":0},"end":{"line":19,"column":27}},"19":{"start":{"line":20,"column":0},"end":{"line":20,"column":27}},"20":{"start":{"line":21,"column":0},"end":{"line":21,"column":31}},"21":{"start":{"line":22,"column":0},"end":{"line":22,"column":29}},"22":{"start":{"line":23,"column":0},"end":{"line":23,"column":26}},"23":{"start":{"line":24,"column":0},"end":{"line":24,"column":29}},"24":{"start":{"line":25,"column":0},"end":{"line":25,"column":5}},"25":{"start":{"line":26,"column":0},"end":{"line":26,"column":0}},"26":{"start":{"line":27,"column":0},"end":{"line":27,"column":0}},"27":{"start":{"line":28,"column":0},"end":{"line":28,"column":56}},"28":{"start":{"line":29,"column":0},"end":{"line":29,"column":0}},"29":{"start":{"line":30,"column":0},"end":{"line":30,"column":26}},"30":{"start":{"line":31,"column":0},"end":{"line":31,"column":51}}},"s":{"0":1,"1":1,"2":1,"3":1,"4":1,"5":1,"6":1,"7":1,"8":1,"9":1,"10":1,"11":1,"12":1,"13":1,"14":1,"15":1,"16":1,"17":1,"18":1,"19":1,"20":1,"21":1,"22":1,"23":1,"24":1,"25":1,"26":1,"27":1,"28":1,"29":1,"30":1},"branchMap":{},"b":{},"fnMap":{},"f":{}}
}
