TN:
SF:lib\app.js
FNF:0
FNH:0
DA:1,1
DA:2,1
DA:3,1
DA:4,1
DA:5,1
DA:6,1
DA:7,1
DA:8,1
DA:9,1
DA:10,1
DA:11,1
DA:12,0
DA:13,0
DA:14,1
DA:15,1
DA:16,0
DA:17,0
DA:18,1
DA:19,1
DA:20,0
DA:21,0
DA:22,1
DA:23,1
DA:24,0
DA:25,0
DA:26,1
DA:27,1
DA:28,0
DA:29,0
DA:30,1
DA:31,1
DA:32,0
DA:33,0
DA:34,1
DA:35,1
DA:36,0
DA:37,0
DA:38,1
DA:39,1
DA:40,1
DA:41,1
DA:42,1
DA:43,1
DA:44,1
DA:45,1
DA:46,1
DA:47,1
DA:48,1
DA:49,0
DA:50,0
DA:51,0
DA:52,1
DA:53,1
LF:53
LH:36
BRF:0
BRH:0
end_of_record
TN:
SF:lib\chats.js
FN:301,createChat
FN:338,doesUserExist
FN:342,addMessageToChat
FN:356,deleteChat
FN:372,getChatsOfUser
FN:376,getChat
FN:380,getChatBetweenTwoUsers
FN:384,insertChat
FN:388,removeChat
FN:392,updateChat
FN:396,chatDTO
FN:405,messagesDTO
FNF:12
FNH:4
FNDA:0,createChat
FNDA:7,doesUserExist
FNDA:0,addMessageToChat
FNDA:0,deleteChat
FNDA:0,getChatsOfUser
FNDA:2,getChat
FNDA:0,getChatBetweenTwoUsers
FNDA:0,insertChat
FNDA:0,removeChat
FNDA:0,updateChat
FNDA:1,chatDTO
FNDA:2,messagesDTO
DA:1,1
DA:2,1
DA:3,1
DA:4,1
DA:5,1
DA:6,1
DA:7,1
DA:8,3
DA:9,3
DA:10,3
DA:11,3
DA:12,3
DA:13,3
DA:14,3
DA:15,1
DA:16,1
DA:17,1
DA:18,2
DA:19,3
DA:20,1
DA:21,1
DA:22,1
DA:23,1
DA:24,1
DA:25,1
DA:26,1
DA:27,1
DA:28,0
DA:29,0
DA:30,0
DA:31,0
DA:32,0
DA:33,0
DA:34,0
DA:35,0
DA:36,0
DA:37,0
DA:38,0
DA:39,0
DA:40,0
DA:41,0
DA:42,0
DA:43,0
DA:44,0
DA:45,0
DA:46,0
DA:47,0
DA:48,0
DA:49,0
DA:50,0
DA:51,0
DA:52,0
DA:53,1
DA:54,1
DA:55,2
DA:56,2
DA:57,2
DA:58,0
DA:59,0
DA:60,0
DA:61,2
DA:62,2
DA:63,1
DA:64,1
DA:65,1
DA:66,1
DA:67,1
DA:68,1
DA:69,1
DA:70,1
DA:71,0
DA:72,0
DA:73,0
DA:74,0
DA:75,0
DA:76,0
DA:77,0
DA:78,0
DA:79,0
DA:80,1
DA:81,1
DA:82,8
DA:83,8
DA:84,8
DA:85,8
DA:86,1
DA:87,1
DA:88,1
DA:89,7
DA:90,8
DA:91,1
DA:92,1
DA:93,1
DA:94,6
DA:95,8
DA:96,1
DA:97,1
DA:98,1
DA:99,5
DA:100,8
DA:101,1
DA:102,1
DA:103,1
DA:104,4
DA:105,8
DA:106,2
DA:107,2
DA:108,2
DA:109,2
DA:110,2
DA:111,2
DA:112,8
DA:113,1
DA:114,1
DA:115,1
DA:116,1
DA:117,1
DA:118,1
DA:119,1
DA:120,1
DA:121,1
DA:122,3
DA:123,3
DA:124,3
DA:125,3
DA:126,1
DA:127,1
DA:128,1
DA:129,2
DA:130,3
DA:131,1
DA:132,1
DA:133,1
DA:134,1
DA:135,1
DA:136,1
DA:137,1
DA:138,1
DA:139,0
DA:140,0
DA:141,0
DA:142,0
DA:143,0
DA:144,0
DA:145,0
DA:146,0
DA:147,0
DA:148,0
DA:149,0
DA:150,0
DA:151,0
DA:152,0
DA:153,0
DA:154,0
DA:155,0
DA:156,0
DA:157,0
DA:158,0
DA:159,0
DA:160,0
DA:161,0
DA:162,0
DA:163,0
DA:164,0
DA:165,0
DA:166,0
DA:167,0
DA:168,0
DA:169,1
DA:170,1
DA:171,3
DA:172,3
DA:173,3
DA:174,3
DA:175,3
DA:176,3
DA:177,1
DA:178,1
DA:179,1
DA:180,2
DA:181,3
DA:182,1
DA:183,1
DA:184,1
DA:185,1
DA:186,1
DA:187,1
DA:188,1
DA:189,1
DA:190,0
DA:191,0
DA:192,0
DA:193,0
DA:194,0
DA:195,0
DA:196,0
DA:197,0
DA:198,0
DA:199,0
DA:200,0
DA:201,0
DA:202,0
DA:203,0
DA:204,0
DA:205,0
DA:206,0
DA:207,0
DA:208,0
DA:209,0
DA:210,0
DA:211,0
DA:212,0
DA:213,0
DA:214,0
DA:215,0
DA:216,0
DA:217,0
DA:218,1
DA:219,1
DA:220,3
DA:221,3
DA:222,3
DA:223,3
DA:224,1
DA:225,1
DA:226,1
DA:227,2
DA:228,3
DA:229,1
DA:230,1
DA:231,1
DA:232,1
DA:233,1
DA:234,1
DA:235,1
DA:236,1
DA:237,0
DA:238,0
DA:239,0
DA:240,0
DA:241,0
DA:242,0
DA:243,0
DA:244,0
DA:245,0
DA:246,0
DA:247,0
DA:248,0
DA:249,0
DA:250,0
DA:251,0
DA:252,0
DA:253,0
DA:254,0
DA:255,0
DA:256,0
DA:257,0
DA:258,0
DA:259,0
DA:260,0
DA:261,0
DA:262,0
DA:263,0
DA:264,0
DA:265,1
DA:266,1
DA:267,5
DA:268,5
DA:269,5
DA:270,5
DA:271,5
DA:272,1
DA:273,1
DA:274,1
DA:275,4
DA:276,5
DA:277,1
DA:278,1
DA:279,1
DA:280,3
DA:281,5
DA:282,1
DA:283,1
DA:284,1
DA:285,2
DA:286,5
DA:287,1
DA:288,1
DA:289,1
DA:290,1
DA:291,1
DA:292,1
DA:293,1
DA:294,1
DA:295,0
DA:296,0
DA:297,0
DA:298,0
DA:299,0
DA:300,1
DA:301,0
DA:302,0
DA:303,0
DA:304,0
DA:305,0
DA:306,0
DA:307,0
DA:308,0
DA:309,0
DA:310,0
DA:311,0
DA:312,0
DA:313,0
DA:314,0
DA:315,0
DA:316,0
DA:317,0
DA:318,0
DA:319,0
DA:320,0
DA:321,0
DA:322,0
DA:323,0
DA:324,0
DA:325,0
DA:326,0
DA:327,0
DA:328,0
DA:329,0
DA:330,0
DA:331,0
DA:332,0
DA:333,0
DA:334,0
DA:335,0
DA:336,0
DA:337,1
DA:338,7
DA:339,7
DA:340,7
DA:341,1
DA:342,0
DA:343,0
DA:344,0
DA:345,0
DA:346,0
DA:347,0
DA:348,0
DA:349,0
DA:350,0
DA:351,0
DA:352,0
DA:353,0
DA:354,0
DA:355,1
DA:356,0
DA:357,0
DA:358,0
DA:359,0
DA:360,0
DA:361,0
DA:362,0
DA:363,0
DA:364,0
DA:365,0
DA:366,0
DA:367,0
DA:368,0
DA:369,0
DA:370,0
DA:371,1
DA:372,0
DA:373,0
DA:374,0
DA:375,1
DA:376,2
DA:377,2
DA:378,2
DA:379,1
DA:380,0
DA:381,0
DA:382,0
DA:383,1
DA:384,0
DA:385,0
DA:386,0
DA:387,1
DA:388,0
DA:389,0
DA:390,0
DA:391,1
DA:392,0
DA:393,0
DA:394,0
DA:395,1
DA:396,1
DA:397,1
DA:398,1
DA:399,1
DA:400,1
DA:401,1
DA:402,1
DA:403,1
DA:404,1
DA:405,2
DA:406,2
DA:407,2
DA:408,2
DA:409,1
DA:410,1
DA:411,1
DA:412,1
DA:413,2
DA:414,2
DA:415,2
DA:416,1
DA:417,1
LF:417
LH:210
BRDA:7,0,0,3
BRDA:14,1,0,1
BRDA:18,2,0,2
BRDA:19,3,0,1
BRDA:28,4,0,0
BRDA:54,5,0,2
BRDA:57,6,0,0
BRDA:62,7,0,1
BRDA:71,8,0,0
BRDA:81,9,0,8
BRDA:85,10,0,1
BRDA:89,11,0,7
BRDA:90,12,0,1
BRDA:94,13,0,6
BRDA:95,14,0,1
BRDA:99,15,0,5
BRDA:100,16,0,1
BRDA:104,17,0,4
BRDA:105,18,0,2
BRDA:112,19,0,1
BRDA:121,20,0,3
BRDA:125,21,0,1
BRDA:129,22,0,2
BRDA:130,23,0,1
BRDA:139,24,0,0
BRDA:170,25,0,3
BRDA:176,26,0,1
BRDA:180,27,0,2
BRDA:181,28,0,1
BRDA:190,29,0,0
BRDA:219,30,0,3
BRDA:223,31,0,1
BRDA:227,32,0,2
BRDA:228,33,0,1
BRDA:237,34,0,0
BRDA:266,35,0,5
BRDA:271,36,0,1
BRDA:275,37,0,4
BRDA:276,38,0,1
BRDA:280,39,0,3
BRDA:281,40,0,1
BRDA:285,41,0,2
BRDA:286,42,0,1
BRDA:295,43,0,0
BRDA:338,44,0,7
BRDA:376,45,0,2
BRDA:396,46,0,1
BRDA:405,47,0,2
BRDA:408,48,0,1
BRF:49
BRH:42
end_of_record
TN:
SF:lib\interests.js
FN:170,hasOnlyLetters
FN:174,insertInterest
FN:183,findInterestByName
FN:187,findInterestById
FN:191,getAllInterests
FNF:5
FNH:3
FNDA:4,hasOnlyLetters
FNDA:0,insertInterest
FNDA:0,findInterestByName
FNDA:2,findInterestById
FNDA:1,getAllInterests
DA:1,1
DA:2,1
DA:3,1
DA:4,1
DA:5,1
DA:6,1
DA:7,1
DA:8,1
DA:9,1
DA:10,1
DA:11,1
DA:12,1
DA:13,1
DA:14,1
DA:15,1
DA:16,1
DA:17,1
DA:18,1
DA:19,1
DA:20,3
DA:21,3
DA:22,3
DA:23,1
DA:24,1
DA:25,3
DA:26,1
DA:27,1
DA:28,1
DA:29,1
DA:30,1
DA:31,1
DA:32,1
DA:33,1
DA:34,0
DA:35,0
DA:36,0
DA:37,0
DA:38,0
DA:39,0
DA:40,0
DA:41,1
DA:42,1
DA:43,1
DA:44,1
DA:45,1
DA:46,1
DA:47,1
DA:48,0
DA:49,0
DA:50,0
DA:51,0
DA:52,0
DA:53,0
DA:54,0
DA:55,0
DA:56,0
DA:57,0
DA:58,0
DA:59,1
DA:60,1
DA:61,1
DA:62,0
DA:63,1
DA:64,1
DA:65,2
DA:66,2
DA:67,2
DA:68,2
DA:69,2
DA:70,2
DA:71,2
DA:72,2
DA:73,0
DA:74,0
DA:75,0
DA:76,2
DA:77,1
DA:78,1
DA:79,1
DA:80,2
DA:81,1
DA:82,1
DA:83,1
DA:84,0
DA:85,0
DA:86,0
DA:87,0
DA:88,0
DA:89,0
DA:90,0
DA:91,0
DA:92,0
DA:93,0
DA:94,0
DA:95,0
DA:96,0
DA:97,0
DA:98,0
DA:99,0
DA:100,0
DA:101,1
DA:102,1
DA:103,3
DA:104,3
DA:105,3
DA:106,3
DA:107,3
DA:108,3
DA:109,3
DA:110,0
DA:111,0
DA:112,3
DA:113,3
DA:114,0
DA:115,0
DA:116,3
DA:117,3
DA:118,1
DA:119,1
DA:120,2
DA:121,3
DA:122,0
DA:123,0
DA:124,2
DA:125,3
DA:126,0
DA:127,0
DA:128,2
DA:129,2
DA:130,2
DA:131,3
DA:132,1
DA:133,1
DA:134,1
DA:135,3
DA:136,0
DA:137,1
DA:138,1
DA:139,1
DA:140,1
DA:141,1
DA:142,1
DA:143,1
DA:144,1
DA:145,9
DA:146,9
DA:147,9
DA:148,9
DA:149,9
DA:150,9
DA:151,1
DA:152,1
DA:153,1
DA:154,1
DA:155,9
DA:156,11
DA:157,0
DA:158,0
DA:159,0
DA:160,11
DA:161,9
DA:162,1
DA:163,1
DA:164,1
DA:165,1
DA:166,0
DA:167,0
DA:168,1
DA:169,1
DA:170,4
DA:171,4
DA:172,4
DA:173,1
DA:174,0
DA:175,0
DA:176,0
DA:177,0
DA:178,0
DA:179,0
DA:180,0
DA:181,0
DA:182,1
DA:183,0
DA:184,0
DA:185,0
DA:186,1
DA:187,2
DA:188,2
DA:189,2
DA:190,1
DA:191,1
DA:192,1
DA:193,1
DA:194,1
DA:195,1
LF:195
LH:131
BRDA:7,0,0,1
BRDA:9,1,0,1
BRDA:19,2,0,3
BRDA:22,3,0,1
BRDA:25,4,0,2
BRDA:25,5,0,1
BRDA:34,6,0,0
BRDA:37,7,0,0
BRDA:42,8,0,1
BRDA:47,9,0,0
BRDA:62,10,0,0
BRDA:64,11,0,2
BRDA:72,12,0,0
BRDA:76,13,0,1
BRDA:80,14,0,0
BRDA:80,15,0,1
BRDA:84,16,0,0
BRDA:102,17,0,3
BRDA:109,18,0,0
BRDA:113,19,0,0
BRDA:117,20,0,2
BRDA:117,21,0,1
BRDA:120,22,0,2
BRDA:121,23,0,0
BRDA:124,24,0,2
BRDA:125,25,0,0
BRDA:128,26,0,2
BRDA:131,27,0,1
BRDA:135,28,0,0
BRDA:129,29,0,2
BRDA:129,30,0,0
BRDA:138,31,0,1
BRDA:154,32,0,9
BRDA:155,33,0,11
BRDA:156,34,0,0
BRDA:165,35,0,0
BRDA:144,36,0,9
BRDA:170,37,0,4
BRDA:187,38,0,2
BRDA:191,39,0,1
BRF:40
BRH:25
end_of_record
TN:
SF:lib\users.js
FN:702,checkIfEmailInString
FN:709,ageCheck
FN:732,getAge
FN:780,hasOnlyLetters
FN:785,hasOnlyNumbers
FN:789,checkInArray
FN:798,findByEmail
FN:810,insert
FN:828,findById
FN:838,checkPassword
FN:849,getUser
FNF:11
FNH:7
FNDA:12,checkIfEmailInString
FNDA:0,ageCheck
FNDA:26,getAge
FNDA:41,hasOnlyLetters
FNDA:60,hasOnlyNumbers
FNDA:0,checkInArray
FNDA:1,findByEmail
FNDA:1,insert
FNDA:3,findById
FNDA:0,checkPassword
FNDA:0,getUser
DA:1,1
DA:2,1
DA:3,1
DA:4,1
DA:5,1
DA:6,1
DA:7,1
DA:8,5
DA:9,5
DA:10,5
DA:11,5
DA:12,5
DA:13,5
DA:14,5
DA:15,5
DA:16,5
DA:17,5
DA:18,5
DA:19,5
DA:20,1
DA:21,1
DA:22,1
DA:23,1
DA:24,4
DA:25,5
DA:26,1
DA:27,1
DA:28,1
DA:29,1
DA:30,3
DA:31,5
DA:32,1
DA:33,1
DA:34,1
DA:35,1
DA:36,2
DA:37,5
DA:38,0
DA:39,0
DA:40,0
DA:41,0
DA:42,2
DA:43,5
DA:44,0
DA:45,0
DA:46,0
DA:47,0
DA:48,0
DA:49,0
DA:50,0
DA:51,0
DA:52,0
DA:53,0
DA:54,0
DA:55,0
DA:56,0
DA:57,2
DA:58,5
DA:59,1
DA:60,1
DA:61,1
DA:62,1
DA:63,1
DA:64,1
DA:65,1
DA:66,1
DA:67,0
DA:68,0
DA:69,0
DA:70,1
DA:71,5
DA:72,0
DA:73,5
DA:74,1
DA:75,1
DA:76,0
DA:77,0
DA:78,1
DA:79,1
DA:80,0
DA:81,0
DA:82,1
DA:83,1
DA:84,1
DA:85,1
DA:86,1
DA:87,1
DA:88,1
DA:89,1
DA:90,1
DA:91,1
DA:92,1
DA:93,1
DA:94,0
DA:95,0
DA:96,1
DA:97,1
DA:98,0
DA:99,0
DA:100,0
DA:101,0
DA:102,0
DA:103,0
DA:104,0
DA:105,0
DA:106,0
DA:107,0
DA:108,0
DA:109,0
DA:110,1
DA:111,5
DA:112,0
DA:113,0
DA:114,0
DA:115,0
DA:116,0
DA:117,0
DA:118,1
DA:119,1
DA:120,1
DA:121,1
DA:122,1
DA:123,5
DA:124,0
DA:125,0
DA:126,0
DA:127,0
DA:128,0
DA:129,0
DA:130,0
DA:131,0
DA:132,0
DA:133,0
DA:134,0
DA:135,0
DA:136,1
DA:137,1
DA:138,1
DA:139,1
DA:140,1
DA:141,0
DA:142,0
DA:143,0
DA:144,1
DA:145,1
DA:146,1
DA:147,1
DA:148,1
DA:149,0
DA:150,0
DA:151,0
DA:152,0
DA:153,0
DA:154,0
DA:155,0
DA:156,0
DA:157,0
DA:158,0
DA:159,0
DA:160,0
DA:161,0
DA:162,0
DA:163,0
DA:164,0
DA:165,0
DA:166,1
DA:167,1
DA:168,1
DA:169,1
DA:170,9
DA:171,9
DA:172,9
DA:173,9
DA:174,9
DA:175,9
DA:176,9
DA:177,9
DA:178,9
DA:179,9
DA:180,9
DA:181,9
DA:182,9
DA:183,9
DA:184,9
DA:185,9
DA:186,9
DA:187,9
DA:188,9
DA:189,1
DA:190,1
DA:191,1
DA:192,0
DA:193,1
DA:194,1
DA:195,3
DA:196,3
DA:197,3
DA:198,3
DA:199,3
DA:200,1
DA:201,1
DA:202,1
DA:203,3
DA:204,1
DA:205,1
DA:206,1
DA:207,1
DA:208,1
DA:209,1
DA:210,1
DA:211,1
DA:212,1
DA:213,1
DA:214,1
DA:215,1
DA:216,1
DA:217,1
DA:218,0
DA:219,0
DA:220,0
DA:221,0
DA:222,0
DA:223,0
DA:224,0
DA:225,0
DA:226,1
DA:227,1
DA:228,19
DA:229,19
DA:230,19
DA:231,19
DA:232,19
DA:233,19
DA:234,19
DA:235,19
DA:236,19
DA:237,19
DA:238,19
DA:239,19
DA:240,19
DA:241,19
DA:242,19
DA:243,19
DA:244,19
DA:245,19
DA:246,2
DA:247,2
DA:248,2
DA:249,2
DA:250,19
DA:251,2
DA:252,2
DA:253,2
DA:254,2
DA:255,19
DA:256,1
DA:257,1
DA:258,1
DA:259,1
DA:260,19
DA:261,1
DA:262,1
DA:263,1
DA:264,1
DA:265,19
DA:266,1
DA:267,1
DA:268,1
DA:269,1
DA:270,19
DA:271,1
DA:272,1
DA:273,1
DA:274,1
DA:275,19
DA:276,3
DA:277,3
DA:278,3
DA:279,3
DA:280,19
DA:281,2
DA:282,2
DA:283,2
DA:284,2
DA:285,19
DA:286,1
DA:287,1
DA:288,1
DA:289,1
DA:290,19
DA:291,0
DA:292,0
DA:293,0
DA:294,0
DA:295,19
DA:296,1
DA:297,1
DA:298,1
DA:299,1
DA:300,19
DA:301,1
DA:302,1
DA:303,1
DA:304,1
DA:305,19
DA:306,1
DA:307,1
DA:308,1
DA:309,1
DA:310,19
DA:311,1
DA:312,1
DA:313,1
DA:314,1
DA:315,1
DA:316,1
DA:317,1
DA:318,1
DA:319,1
DA:320,1
DA:321,1
DA:322,1
DA:323,1
DA:324,1
DA:325,19
DA:326,0
DA:327,0
DA:328,0
DA:329,1
DA:330,1
DA:331,1
DA:332,19
DA:333,0
DA:334,0
DA:335,0
DA:336,0
DA:337,0
DA:338,0
DA:339,0
DA:340,0
DA:341,19
DA:342,1
DA:343,1
DA:344,1
DA:345,0
DA:346,0
DA:347,1
DA:348,1
DA:349,6
DA:350,6
DA:351,6
DA:352,6
DA:353,6
DA:354,6
DA:355,6
DA:356,6
DA:357,6
DA:358,6
DA:359,6
DA:360,5
DA:361,5
DA:362,5
DA:363,5
DA:364,5
DA:365,5
DA:366,5
DA:367,5
DA:368,5
DA:369,5
DA:370,5
DA:371,5
DA:372,5
DA:373,5
DA:374,5
DA:375,5
DA:376,5
DA:377,5
DA:378,5
DA:379,5
DA:380,6
DA:381,5
DA:382,5
DA:383,6
DA:384,5
DA:385,5
DA:386,6
DA:387,4
DA:388,5
DA:389,6
DA:390,5
DA:391,5
DA:392,6
DA:393,2
DA:394,5
DA:395,5
DA:396,5
DA:397,5
DA:398,6
DA:399,0
DA:400,0
DA:401,0
DA:402,0
DA:403,5
DA:404,6
DA:405,5
DA:406,5
DA:407,6
DA:408,5
DA:409,5
DA:410,6
DA:411,5
DA:412,5
DA:413,6
DA:414,4
DA:415,5
DA:416,6
DA:417,5
DA:418,5
DA:419,5
DA:420,6
DA:421,0
DA:422,0
DA:423,0
DA:424,0
DA:425,6
DA:426,0
DA:427,0
DA:428,0
DA:429,0
DA:430,6
DA:431,1
DA:432,1
DA:433,1
DA:434,1
DA:435,6
DA:436,1
DA:437,1
DA:438,1
DA:439,1
DA:440,6
DA:441,1
DA:442,1
DA:443,1
DA:444,1
DA:445,6
DA:446,0
DA:447,0
DA:448,0
DA:449,0
DA:450,6
DA:451,0
DA:452,0
DA:453,0
DA:454,0
DA:455,6
DA:456,0
DA:457,0
DA:458,0
DA:459,0
DA:460,2
DA:461,6
DA:462,0
DA:463,0
DA:464,0
DA:465,0
DA:466,0
DA:467,0
DA:468,0
DA:469,0
DA:470,0
DA:471,0
DA:472,0
DA:473,0
DA:474,0
DA:475,0
DA:476,0
DA:477,0
DA:478,0
DA:479,0
DA:480,0
DA:481,0
DA:482,0
DA:483,0
DA:484,0
DA:485,0
DA:486,0
DA:487,6
DA:488,2
DA:489,0
DA:490,0
DA:491,0
DA:492,0
DA:493,0
DA:494,0
DA:495,0
DA:496,0
DA:497,0
DA:498,0
DA:499,0
DA:500,0
DA:501,0
DA:502,0
DA:503,0
DA:504,0
DA:505,0
DA:506,0
DA:507,0
DA:508,0
DA:509,2
DA:510,2
DA:511,2
DA:512,2
DA:513,2
DA:514,2
DA:515,6
DA:516,0
DA:517,0
DA:518,0
DA:519,0
DA:520,0
DA:521,0
DA:522,0
DA:523,0
DA:524,0
DA:525,0
DA:526,0
DA:527,0
DA:528,0
DA:529,0
DA:530,0
DA:531,0
DA:532,0
DA:533,0
DA:534,0
DA:535,0
DA:536,0
DA:537,0
DA:538,0
DA:539,0
DA:540,0
DA:541,6
DA:542,2
DA:543,0
DA:544,0
DA:545,0
DA:546,0
DA:547,0
DA:548,0
DA:549,0
DA:550,0
DA:551,0
DA:552,0
DA:553,0
DA:554,0
DA:555,0
DA:556,0
DA:557,0
DA:558,0
DA:559,0
DA:560,0
DA:561,0
DA:562,0
DA:563,2
DA:564,2
DA:565,2
DA:566,2
DA:567,2
DA:568,2
DA:569,2
DA:570,6
DA:571,0
DA:572,0
DA:573,0
DA:574,0
DA:575,0
DA:576,0
DA:577,0
DA:578,0
DA:579,0
DA:580,0
DA:581,0
DA:582,0
DA:583,0
DA:584,0
DA:585,0
DA:586,0
DA:587,0
DA:588,0
DA:589,0
DA:590,0
DA:591,0
DA:592,0
DA:593,0
DA:594,0
DA:595,0
DA:596,0
DA:597,0
DA:598,0
DA:599,0
DA:600,0
DA:601,6
DA:602,2
DA:603,0
DA:604,0
DA:605,0
DA:606,0
DA:607,0
DA:608,0
DA:609,0
DA:610,0
DA:611,0
DA:612,0
DA:613,2
DA:614,2
DA:615,2
DA:616,2
DA:617,2
DA:618,0
DA:619,0
DA:620,0
DA:621,0
DA:622,0
DA:623,0
DA:624,0
DA:625,0
DA:626,0
DA:627,0
DA:628,0
DA:629,2
DA:630,2
DA:631,2
DA:632,2
DA:633,2
DA:634,2
DA:635,2
DA:636,2
DA:637,2
DA:638,2
DA:639,2
DA:640,2
DA:641,2
DA:642,2
DA:643,2
DA:644,2
DA:645,2
DA:646,2
DA:647,2
DA:648,2
DA:649,2
DA:650,2
DA:651,2
DA:652,2
DA:653,2
DA:654,2
DA:655,2
DA:656,2
DA:657,2
DA:658,2
DA:659,2
DA:660,2
DA:661,6
DA:662,2
DA:663,2
DA:664,2
DA:665,2
DA:666,2
DA:667,1
DA:668,1
DA:669,1
DA:670,4
DA:671,4
DA:672,4
DA:673,4
DA:674,4
DA:675,1
DA:676,1
DA:677,1
DA:678,4
DA:679,1
DA:680,1
DA:681,1
DA:682,2
DA:683,2
DA:684,2
DA:685,4
DA:686,0
DA:687,0
DA:688,0
DA:689,0
DA:690,0
DA:691,0
DA:692,0
DA:693,0
DA:694,0
DA:695,0
DA:696,0
DA:697,4
DA:698,0
DA:699,1
DA:700,1
DA:701,1
DA:702,12
DA:703,12
DA:704,12
DA:705,12
DA:706,12
DA:707,1
DA:708,1
DA:709,0
DA:710,0
DA:711,0
DA:712,0
DA:713,0
DA:714,0
DA:715,0
DA:716,0
DA:717,0
DA:718,0
DA:719,0
DA:720,0
DA:721,0
DA:722,0
DA:723,0
DA:724,0
DA:725,0
DA:726,0
DA:727,0
DA:728,0
DA:729,0
DA:730,1
DA:731,1
DA:732,26
DA:733,26
DA:734,26
DA:735,26
DA:736,26
DA:737,26
DA:738,26
DA:739,26
DA:740,26
DA:741,26
DA:742,26
DA:743,26
DA:744,26
DA:745,26
DA:746,26
DA:747,2
DA:748,2
DA:749,24
DA:750,26
DA:751,4
DA:752,4
DA:753,4
DA:754,4
DA:755,20
DA:756,20
DA:757,20
DA:758,2
DA:759,2
DA:760,18
DA:761,18
DA:762,18
DA:763,18
DA:764,18
DA:765,18
DA:766,20
DA:767,0
DA:768,0
DA:769,20
DA:770,22
DA:771,22
DA:772,22
DA:773,26
DA:774,26
DA:775,22
DA:776,22
DA:777,22
DA:778,1
DA:779,1
DA:780,41
DA:781,41
DA:782,41
DA:783,1
DA:784,1
DA:785,60
DA:786,60
DA:787,60
DA:788,1
DA:789,0
DA:790,0
DA:791,0
DA:792,0
DA:793,0
DA:794,0
DA:795,0
DA:796,0
DA:797,1
DA:798,1
DA:799,1
DA:800,1
DA:801,1
DA:802,1
DA:803,0
DA:804,0
DA:805,0
DA:806,0
DA:807,1
DA:808,1
DA:809,1
DA:810,1
DA:811,1
DA:812,1
DA:813,1
DA:814,1
DA:815,1
DA:816,1
DA:817,1
DA:818,1
DA:819,1
DA:820,1
DA:821,1
DA:822,1
DA:823,1
DA:824,1
DA:825,1
DA:826,1
DA:827,1
DA:828,3
DA:829,3
DA:830,3
DA:831,3
DA:832,0
DA:833,0
DA:834,0
DA:835,0
DA:836,3
DA:837,1
DA:838,0
DA:839,0
DA:840,0
DA:841,0
DA:842,0
DA:843,0
DA:844,0
DA:845,0
DA:846,0
DA:847,0
DA:848,1
DA:849,0
DA:850,0
DA:851,0
DA:852,0
DA:853,1
DA:854,1
LF:854
LH:521
BRDA:7,0,0,5
BRDA:19,1,0,3
BRDA:19,2,0,3
BRDA:19,3,0,1
BRDA:19,4,0,1
BRDA:24,5,0,4
BRDA:25,6,0,1
BRDA:25,7,0,1
BRDA:25,8,0,1
BRDA:30,9,0,3
BRDA:31,10,0,2
BRDA:31,11,0,0
BRDA:31,12,0,1
BRDA:36,13,0,2
BRDA:37,14,0,0
BRDA:37,15,0,0
BRDA:42,16,0,2
BRDA:43,17,0,0
BRDA:43,18,0,0
BRDA:43,19,0,0
BRDA:57,20,0,2
BRDA:58,21,0,1
BRDA:58,22,0,1
BRDA:67,23,0,0
BRDA:70,24,0,1
BRDA:71,25,0,0
BRDA:71,26,0,0
BRDA:71,27,0,0
BRDA:71,28,0,0
BRDA:73,29,0,1
BRDA:73,30,0,0
BRDA:75,31,0,0
BRDA:79,32,0,0
BRDA:93,33,0,0
BRDA:111,34,0,0
BRDA:118,35,0,1
BRDA:123,36,0,0
BRDA:136,37,0,1
BRDA:140,38,0,0
BRDA:145,39,0,1
BRDA:148,40,0,0
BRDA:148,41,0,0
BRDA:191,42,0,0
BRDA:169,43,0,9
BRDA:194,44,0,3
BRDA:199,45,0,1
BRDA:203,46,0,2
BRDA:203,47,0,1
BRDA:217,48,0,0
BRDA:222,49,0,0
BRDA:227,50,0,19
BRDA:245,51,0,17
BRDA:245,52,0,2
BRDA:250,53,0,17
BRDA:250,54,0,2
BRDA:255,55,0,15
BRDA:255,56,0,14
BRDA:255,57,0,1
BRDA:260,58,0,14
BRDA:260,59,0,1
BRDA:265,60,0,13
BRDA:265,61,0,12
BRDA:265,62,0,1
BRDA:270,63,0,12
BRDA:270,64,0,1
BRDA:275,65,0,11
BRDA:275,66,0,10
BRDA:275,67,0,10
BRDA:275,68,0,3
BRDA:280,69,0,8
BRDA:280,70,0,7
BRDA:280,71,0,7
BRDA:280,72,0,2
BRDA:285,73,0,6
BRDA:285,74,0,1
BRDA:290,75,0,5
BRDA:290,76,0,0
BRDA:295,77,0,5
BRDA:295,78,0,4
BRDA:295,79,0,1
BRDA:300,80,0,4
BRDA:300,81,0,1
BRDA:300,82,0,1
BRDA:300,83,0,1
BRDA:305,84,0,3
BRDA:305,85,0,2
BRDA:305,86,0,1
BRDA:310,87,0,2
BRDA:310,88,0,1
BRDA:310,89,0,1
BRDA:325,90,0,0
BRDA:328,91,0,1
BRDA:332,92,0,0
BRDA:341,93,0,1
BRDA:345,94,0,0
BRDA:348,95,0,6
BRDA:359,96,0,1
BRDA:359,97,0,5
BRDA:380,98,0,0
BRDA:380,99,0,5
BRDA:383,100,0,0
BRDA:383,101,0,5
BRDA:386,102,0,1
BRDA:386,103,0,4
BRDA:388,104,0,5
BRDA:389,105,0,0
BRDA:389,106,0,5
BRDA:392,107,0,3
BRDA:392,108,0,2
BRDA:394,109,0,5
BRDA:398,110,0,0
BRDA:403,111,0,5
BRDA:404,112,0,0
BRDA:404,113,0,5
BRDA:407,114,0,0
BRDA:407,115,0,5
BRDA:410,116,0,0
BRDA:410,117,0,5
BRDA:413,118,0,1
BRDA:413,119,0,4
BRDA:415,120,0,5
BRDA:416,121,0,0
BRDA:416,122,0,5
BRDA:420,123,0,0
BRDA:425,124,0,5
BRDA:425,125,0,0
BRDA:430,126,0,5
BRDA:430,127,0,1
BRDA:435,128,0,4
BRDA:435,129,0,1
BRDA:440,130,0,3
BRDA:440,131,0,1
BRDA:445,132,0,2
BRDA:445,133,0,0
BRDA:445,134,0,0
BRDA:445,135,0,0
BRDA:450,136,0,2
BRDA:450,137,0,0
BRDA:450,138,0,0
BRDA:455,139,0,2
BRDA:455,140,0,0
BRDA:455,141,0,0
BRDA:455,142,0,0
BRDA:460,143,0,2
BRDA:461,144,0,0
BRDA:487,145,0,2
BRDA:488,146,0,0
BRDA:515,147,0,0
BRDA:541,148,0,2
BRDA:542,149,0,0
BRDA:570,150,0,0
BRDA:601,151,0,2
BRDA:602,152,0,0
BRDA:617,153,0,0
BRDA:661,154,0,0
BRDA:661,155,0,2
BRDA:355,156,0,6
BRDA:356,157,0,0
BRDA:656,158,0,2
BRDA:657,159,0,0
BRDA:669,160,0,4
BRDA:674,161,0,1
BRDA:677,162,0,3
BRDA:678,163,0,1
BRDA:682,164,0,2
BRDA:685,165,0,0
BRDA:697,166,0,2
BRDA:697,167,0,0
BRDA:702,168,0,12
BRDA:732,169,0,26
BRDA:746,170,0,2
BRDA:749,171,0,24
BRDA:750,172,0,4
BRDA:755,173,0,20
BRDA:757,174,0,18
BRDA:757,175,0,2
BRDA:760,176,0,18
BRDA:766,177,0,18
BRDA:766,178,0,0
BRDA:770,179,0,22
BRDA:773,180,0,1
BRDA:774,181,0,22
BRDA:774,182,0,2
BRDA:774,183,0,0
BRDA:775,184,0,22
BRDA:780,185,0,41
BRDA:785,186,0,60
BRDA:798,187,0,1
BRDA:803,188,0,0
BRDA:810,189,0,1
BRDA:828,190,0,3
BRDA:832,191,0,0
BRF:192
BRH:131
end_of_record
TN:
SF:lib\db\db.js
FNF:0
FNH:0
DA:1,1
DA:2,1
DA:3,1
DA:4,1
DA:5,1
DA:6,1
DA:7,1
DA:8,1
DA:9,1
DA:10,1
DA:11,1
DA:12,1
DA:13,1
DA:14,1
LF:14
LH:14
BRF:0
BRH:0
end_of_record
TN:
SF:lib\models\chat.js
FNF:0
FNH:0
DA:1,1
DA:2,1
DA:3,1
DA:4,1
DA:5,1
DA:6,1
DA:7,1
DA:8,1
DA:9,1
DA:10,1
DA:11,1
DA:12,1
DA:13,1
DA:14,1
DA:15,1
DA:16,1
DA:17,1
DA:18,1
LF:18
LH:18
BRF:0
BRH:0
end_of_record
TN:
SF:lib\models\interest.js
FNF:0
FNH:0
DA:1,1
DA:2,1
DA:3,1
DA:4,1
DA:5,1
DA:6,1
DA:7,1
DA:8,1
DA:9,1
DA:10,1
DA:11,1
DA:12,1
DA:13,1
LF:13
LH:13
BRF:0
BRH:0
end_of_record
TN:
SF:lib\models\user.js
FNF:0
FNH:0
DA:1,1
DA:2,1
DA:3,1
DA:4,1
DA:5,1
DA:6,1
DA:7,1
DA:8,1
DA:9,1
DA:10,1
DA:11,1
DA:12,1
DA:13,1
DA:14,1
DA:15,1
DA:16,1
DA:17,1
DA:18,1
DA:19,1
DA:20,1
DA:21,1
DA:22,1
DA:23,1
DA:24,1
DA:25,1
DA:26,1
DA:27,1
DA:28,1
DA:29,1
DA:30,1
DA:31,1
LF:31
LH:31
BRF:0
BRH:0
end_of_record
